The system is: Linux - 4.9.140-tegra - aarch64
Compiling the C compiler identification source file "CMakeCCompilerId.c" succeeded.
Compiler: /usr/bin/cc 
Build flags: 
Id flags:  

The output was:
0


Compilation of the C compiler identification source "CMakeCCompilerId.c" produced "a.out"

The C compiler identification is GNU, found in "/home/nvidia/Desktop/Barrier/barrier/build/CMakeFiles/3.10.2/CompilerIdC/a.out"

Compiling the CXX compiler identification source file "CMakeCXXCompilerId.cpp" succeeded.
Compiler: /usr/bin/c++ 
Build flags: 
Id flags:  

The output was:
0


Compilation of the CXX compiler identification source "CMakeCXXCompilerId.cpp" produced "a.out"

The CXX compiler identification is GNU, found in "/home/nvidia/Desktop/Barrier/barrier/build/CMakeFiles/3.10.2/CompilerIdCXX/a.out"

Determining if the C compiler works passed with the following output:
Change Dir: /home/nvidia/Desktop/Barrier/barrier/build/CMakeFiles/CMakeTmp

Run Build Command:"/usr/bin/make" "cmTC_537e2/fast"
/usr/bin/make -f CMakeFiles/cmTC_537e2.dir/build.make CMakeFiles/cmTC_537e2.dir/build
make[1]: Entering directory '/home/nvidia/Desktop/Barrier/barrier/build/CMakeFiles/CMakeTmp'
Building C object CMakeFiles/cmTC_537e2.dir/testCCompiler.c.o
/usr/bin/cc    -o CMakeFiles/cmTC_537e2.dir/testCCompiler.c.o   -c /home/nvidia/Desktop/Barrier/barrier/build/CMakeFiles/CMakeTmp/testCCompiler.c
Linking C executable cmTC_537e2
/usr/bin/cmake -E cmake_link_script CMakeFiles/cmTC_537e2.dir/link.txt --verbose=1
/usr/bin/cc      CMakeFiles/cmTC_537e2.dir/testCCompiler.c.o  -o cmTC_537e2 
make[1]: Leaving directory '/home/nvidia/Desktop/Barrier/barrier/build/CMakeFiles/CMakeTmp'


Detecting C compiler ABI info compiled with the following output:
Change Dir: /home/nvidia/Desktop/Barrier/barrier/build/CMakeFiles/CMakeTmp

Run Build Command:"/usr/bin/make" "cmTC_4ddaa/fast"
/usr/bin/make -f CMakeFiles/cmTC_4ddaa.dir/build.make CMakeFiles/cmTC_4ddaa.dir/build
make[1]: Entering directory '/home/nvidia/Desktop/Barrier/barrier/build/CMakeFiles/CMakeTmp'
Building C object CMakeFiles/cmTC_4ddaa.dir/CMakeCCompilerABI.c.o
/usr/bin/cc    -o CMakeFiles/cmTC_4ddaa.dir/CMakeCCompilerABI.c.o   -c /usr/share/cmake-3.10/Modules/CMakeCCompilerABI.c
Linking C executable cmTC_4ddaa
/usr/bin/cmake -E cmake_link_script CMakeFiles/cmTC_4ddaa.dir/link.txt --verbose=1
/usr/bin/cc     -v CMakeFiles/cmTC_4ddaa.dir/CMakeCCompilerABI.c.o  -o cmTC_4ddaa 
Using built-in specs.
COLLECT_GCC=/usr/bin/cc
COLLECT_LTO_WRAPPER=/usr/lib/gcc/aarch64-linux-gnu/7/lto-wrapper
Target: aarch64-linux-gnu
Configured with: ../src/configure -v --with-pkgversion='Ubuntu/Linaro 7.4.0-1ubuntu1~18.04.1' --with-bugurl=file:///usr/share/doc/gcc-7/README.Bugs --enable-languages=c,ada,c++,go,d,fortran,objc,obj-c++ --prefix=/usr --with-gcc-major-version-only --program-suffix=-7 --program-prefix=aarch64-linux-gnu- --enable-shared --enable-linker-build-id --libexecdir=/usr/lib --without-included-gettext --enable-threads=posix --libdir=/usr/lib --enable-nls --with-sysroot=/ --enable-clocale=gnu --enable-libstdcxx-debug --enable-libstdcxx-time=yes --with-default-libstdcxx-abi=new --enable-gnu-unique-object --disable-libquadmath --disable-libquadmath-support --enable-plugin --enable-default-pie --with-system-zlib --enable-multiarch --enable-fix-cortex-a53-843419 --disable-werror --enable-checking=release --build=aarch64-linux-gnu --host=aarch64-linux-gnu --target=aarch64-linux-gnu
Thread model: posix
gcc version 7.4.0 (Ubuntu/Linaro 7.4.0-1ubuntu1~18.04.1) 
COMPILER_PATH=/usr/lib/gcc/aarch64-linux-gnu/7/:/usr/lib/gcc/aarch64-linux-gnu/7/:/usr/lib/gcc/aarch64-linux-gnu/:/usr/lib/gcc/aarch64-linux-gnu/7/:/usr/lib/gcc/aarch64-linux-gnu/
LIBRARY_PATH=/usr/lib/gcc/aarch64-linux-gnu/7/:/usr/lib/gcc/aarch64-linux-gnu/7/../../../aarch64-linux-gnu/:/usr/lib/gcc/aarch64-linux-gnu/7/../../../../lib/:/lib/aarch64-linux-gnu/:/lib/../lib/:/usr/lib/aarch64-linux-gnu/:/usr/lib/../lib/:/usr/lib/gcc/aarch64-linux-gnu/7/../../../:/lib/:/usr/lib/
COLLECT_GCC_OPTIONS='-v' '-o' 'cmTC_4ddaa' '-mlittle-endian' '-mabi=lp64'
 /usr/lib/gcc/aarch64-linux-gnu/7/collect2 -plugin /usr/lib/gcc/aarch64-linux-gnu/7/liblto_plugin.so -plugin-opt=/usr/lib/gcc/aarch64-linux-gnu/7/lto-wrapper -plugin-opt=-fresolution=/tmp/cc6wpaOE.res -plugin-opt=-pass-through=-lgcc -plugin-opt=-pass-through=-lgcc_s -plugin-opt=-pass-through=-lc -plugin-opt=-pass-through=-lgcc -plugin-opt=-pass-through=-lgcc_s --sysroot=/ --build-id --eh-frame-hdr --hash-style=gnu --as-needed -dynamic-linker /lib/ld-linux-aarch64.so.1 -X -EL -maarch64linux --fix-cortex-a53-843419 -pie -z now -z relro -o cmTC_4ddaa /usr/lib/gcc/aarch64-linux-gnu/7/../../../aarch64-linux-gnu/Scrt1.o /usr/lib/gcc/aarch64-linux-gnu/7/../../../aarch64-linux-gnu/crti.o /usr/lib/gcc/aarch64-linux-gnu/7/crtbeginS.o -L/usr/lib/gcc/aarch64-linux-gnu/7 -L/usr/lib/gcc/aarch64-linux-gnu/7/../../../aarch64-linux-gnu -L/usr/lib/gcc/aarch64-linux-gnu/7/../../../../lib -L/lib/aarch64-linux-gnu -L/lib/../lib -L/usr/lib/aarch64-linux-gnu -L/usr/lib/../lib -L/usr/lib/gcc/aarch64-linux-gnu/7/../../.. CMakeFiles/cmTC_4ddaa.dir/CMakeCCompilerABI.c.o -lgcc --push-state --as-needed -lgcc_s --pop-state -lc -lgcc --push-state --as-needed -lgcc_s --pop-state /usr/lib/gcc/aarch64-linux-gnu/7/crtendS.o /usr/lib/gcc/aarch64-linux-gnu/7/../../../aarch64-linux-gnu/crtn.o
COLLECT_GCC_OPTIONS='-v' '-o' 'cmTC_4ddaa' '-mlittle-endian' '-mabi=lp64'
make[1]: Leaving directory '/home/nvidia/Desktop/Barrier/barrier/build/CMakeFiles/CMakeTmp'


Parsed C implicit link information from above output:
  link line regex: [^( *|.*[/\])(ld|CMAKE_LINK_STARTFILE-NOTFOUND|([^/\]+-)?ld|collect2)[^/\]*( |$)]
  ignore line: [Change Dir: /home/nvidia/Desktop/Barrier/barrier/build/CMakeFiles/CMakeTmp]
  ignore line: []
  ignore line: [Run Build Command:"/usr/bin/make" "cmTC_4ddaa/fast"]
  ignore line: [/usr/bin/make -f CMakeFiles/cmTC_4ddaa.dir/build.make CMakeFiles/cmTC_4ddaa.dir/build]
  ignore line: [make[1]: Entering directory '/home/nvidia/Desktop/Barrier/barrier/build/CMakeFiles/CMakeTmp']
  ignore line: [Building C object CMakeFiles/cmTC_4ddaa.dir/CMakeCCompilerABI.c.o]
  ignore line: [/usr/bin/cc    -o CMakeFiles/cmTC_4ddaa.dir/CMakeCCompilerABI.c.o   -c /usr/share/cmake-3.10/Modules/CMakeCCompilerABI.c]
  ignore line: [Linking C executable cmTC_4ddaa]
  ignore line: [/usr/bin/cmake -E cmake_link_script CMakeFiles/cmTC_4ddaa.dir/link.txt --verbose=1]
  ignore line: [/usr/bin/cc     -v CMakeFiles/cmTC_4ddaa.dir/CMakeCCompilerABI.c.o  -o cmTC_4ddaa ]
  ignore line: [Using built-in specs.]
  ignore line: [COLLECT_GCC=/usr/bin/cc]
  ignore line: [COLLECT_LTO_WRAPPER=/usr/lib/gcc/aarch64-linux-gnu/7/lto-wrapper]
  ignore line: [Target: aarch64-linux-gnu]
  ignore line: [Configured with: ../src/configure -v --with-pkgversion='Ubuntu/Linaro 7.4.0-1ubuntu1~18.04.1' --with-bugurl=file:///usr/share/doc/gcc-7/README.Bugs --enable-languages=c,ada,c++,go,d,fortran,objc,obj-c++ --prefix=/usr --with-gcc-major-version-only --program-suffix=-7 --program-prefix=aarch64-linux-gnu- --enable-shared --enable-linker-build-id --libexecdir=/usr/lib --without-included-gettext --enable-threads=posix --libdir=/usr/lib --enable-nls --with-sysroot=/ --enable-clocale=gnu --enable-libstdcxx-debug --enable-libstdcxx-time=yes --with-default-libstdcxx-abi=new --enable-gnu-unique-object --disable-libquadmath --disable-libquadmath-support --enable-plugin --enable-default-pie --with-system-zlib --enable-multiarch --enable-fix-cortex-a53-843419 --disable-werror --enable-checking=release --build=aarch64-linux-gnu --host=aarch64-linux-gnu --target=aarch64-linux-gnu]
  ignore line: [Thread model: posix]
  ignore line: [gcc version 7.4.0 (Ubuntu/Linaro 7.4.0-1ubuntu1~18.04.1) ]
  ignore line: [COMPILER_PATH=/usr/lib/gcc/aarch64-linux-gnu/7/:/usr/lib/gcc/aarch64-linux-gnu/7/:/usr/lib/gcc/aarch64-linux-gnu/:/usr/lib/gcc/aarch64-linux-gnu/7/:/usr/lib/gcc/aarch64-linux-gnu/]
  ignore line: [LIBRARY_PATH=/usr/lib/gcc/aarch64-linux-gnu/7/:/usr/lib/gcc/aarch64-linux-gnu/7/../../../aarch64-linux-gnu/:/usr/lib/gcc/aarch64-linux-gnu/7/../../../../lib/:/lib/aarch64-linux-gnu/:/lib/../lib/:/usr/lib/aarch64-linux-gnu/:/usr/lib/../lib/:/usr/lib/gcc/aarch64-linux-gnu/7/../../../:/lib/:/usr/lib/]
  ignore line: [COLLECT_GCC_OPTIONS='-v' '-o' 'cmTC_4ddaa' '-mlittle-endian' '-mabi=lp64']
  link line: [ /usr/lib/gcc/aarch64-linux-gnu/7/collect2 -plugin /usr/lib/gcc/aarch64-linux-gnu/7/liblto_plugin.so -plugin-opt=/usr/lib/gcc/aarch64-linux-gnu/7/lto-wrapper -plugin-opt=-fresolution=/tmp/cc6wpaOE.res -plugin-opt=-pass-through=-lgcc -plugin-opt=-pass-through=-lgcc_s -plugin-opt=-pass-through=-lc -plugin-opt=-pass-through=-lgcc -plugin-opt=-pass-through=-lgcc_s --sysroot=/ --build-id --eh-frame-hdr --hash-style=gnu --as-needed -dynamic-linker /lib/ld-linux-aarch64.so.1 -X -EL -maarch64linux --fix-cortex-a53-843419 -pie -z now -z relro -o cmTC_4ddaa /usr/lib/gcc/aarch64-linux-gnu/7/../../../aarch64-linux-gnu/Scrt1.o /usr/lib/gcc/aarch64-linux-gnu/7/../../../aarch64-linux-gnu/crti.o /usr/lib/gcc/aarch64-linux-gnu/7/crtbeginS.o -L/usr/lib/gcc/aarch64-linux-gnu/7 -L/usr/lib/gcc/aarch64-linux-gnu/7/../../../aarch64-linux-gnu -L/usr/lib/gcc/aarch64-linux-gnu/7/../../../../lib -L/lib/aarch64-linux-gnu -L/lib/../lib -L/usr/lib/aarch64-linux-gnu -L/usr/lib/../lib -L/usr/lib/gcc/aarch64-linux-gnu/7/../../.. CMakeFiles/cmTC_4ddaa.dir/CMakeCCompilerABI.c.o -lgcc --push-state --as-needed -lgcc_s --pop-state -lc -lgcc --push-state --as-needed -lgcc_s --pop-state /usr/lib/gcc/aarch64-linux-gnu/7/crtendS.o /usr/lib/gcc/aarch64-linux-gnu/7/../../../aarch64-linux-gnu/crtn.o]
    arg [/usr/lib/gcc/aarch64-linux-gnu/7/collect2] ==> ignore
    arg [-plugin] ==> ignore
    arg [/usr/lib/gcc/aarch64-linux-gnu/7/liblto_plugin.so] ==> ignore
    arg [-plugin-opt=/usr/lib/gcc/aarch64-linux-gnu/7/lto-wrapper] ==> ignore
    arg [-plugin-opt=-fresolution=/tmp/cc6wpaOE.res] ==> ignore
    arg [-plugin-opt=-pass-through=-lgcc] ==> ignore
    arg [-plugin-opt=-pass-through=-lgcc_s] ==> ignore
    arg [-plugin-opt=-pass-through=-lc] ==> ignore
    arg [-plugin-opt=-pass-through=-lgcc] ==> ignore
    arg [-plugin-opt=-pass-through=-lgcc_s] ==> ignore
    arg [--sysroot=/] ==> ignore
    arg [--build-id] ==> ignore
    arg [--eh-frame-hdr] ==> ignore
    arg [--hash-style=gnu] ==> ignore
    arg [--as-needed] ==> ignore
    arg [-dynamic-linker] ==> ignore
    arg [/lib/ld-linux-aarch64.so.1] ==> ignore
    arg [-X] ==> ignore
    arg [-EL] ==> ignore
    arg [-maarch64linux] ==> ignore
    arg [--fix-cortex-a53-843419] ==> ignore
    arg [-pie] ==> ignore
    arg [-znow] ==> ignore
    arg [-zrelro] ==> ignore
    arg [-o] ==> ignore
    arg [cmTC_4ddaa] ==> ignore
    arg [/usr/lib/gcc/aarch64-linux-gnu/7/../../../aarch64-linux-gnu/Scrt1.o] ==> ignore
    arg [/usr/lib/gcc/aarch64-linux-gnu/7/../../../aarch64-linux-gnu/crti.o] ==> ignore
    arg [/usr/lib/gcc/aarch64-linux-gnu/7/crtbeginS.o] ==> ignore
    arg [-L/usr/lib/gcc/aarch64-linux-gnu/7] ==> dir [/usr/lib/gcc/aarch64-linux-gnu/7]
    arg [-L/usr/lib/gcc/aarch64-linux-gnu/7/../../../aarch64-linux-gnu] ==> dir [/usr/lib/gcc/aarch64-linux-gnu/7/../../../aarch64-linux-gnu]
    arg [-L/usr/lib/gcc/aarch64-linux-gnu/7/../../../../lib] ==> dir [/usr/lib/gcc/aarch64-linux-gnu/7/../../../../lib]
    arg [-L/lib/aarch64-linux-gnu] ==> dir [/lib/aarch64-linux-gnu]
    arg [-L/lib/../lib] ==> dir [/lib/../lib]
    arg [-L/usr/lib/aarch64-linux-gnu] ==> dir [/usr/lib/aarch64-linux-gnu]
    arg [-L/usr/lib/../lib] ==> dir [/usr/lib/../lib]
    arg [-L/usr/lib/gcc/aarch64-linux-gnu/7/../../..] ==> dir [/usr/lib/gcc/aarch64-linux-gnu/7/../../..]
    arg [CMakeFiles/cmTC_4ddaa.dir/CMakeCCompilerABI.c.o] ==> ignore
    arg [-lgcc] ==> lib [gcc]
    arg [--push-state] ==> ignore
    arg [--as-needed] ==> ignore
    arg [-lgcc_s] ==> lib [gcc_s]
    arg [--pop-state] ==> ignore
    arg [-lc] ==> lib [c]
    arg [-lgcc] ==> lib [gcc]
    arg [--push-state] ==> ignore
    arg [--as-needed] ==> ignore
    arg [-lgcc_s] ==> lib [gcc_s]
    arg [--pop-state] ==> ignore
    arg [/usr/lib/gcc/aarch64-linux-gnu/7/crtendS.o] ==> ignore
    arg [/usr/lib/gcc/aarch64-linux-gnu/7/../../../aarch64-linux-gnu/crtn.o] ==> ignore
  collapse library dir [/usr/lib/gcc/aarch64-linux-gnu/7] ==> [/usr/lib/gcc/aarch64-linux-gnu/7]
  collapse library dir [/usr/lib/gcc/aarch64-linux-gnu/7/../../../aarch64-linux-gnu] ==> [/usr/lib/aarch64-linux-gnu]
  collapse library dir [/usr/lib/gcc/aarch64-linux-gnu/7/../../../../lib] ==> [/usr/lib]
  collapse library dir [/lib/aarch64-linux-gnu] ==> [/lib/aarch64-linux-gnu]
  collapse library dir [/lib/../lib] ==> [/lib]
  collapse library dir [/usr/lib/aarch64-linux-gnu] ==> [/usr/lib/aarch64-linux-gnu]
  collapse library dir [/usr/lib/../lib] ==> [/usr/lib]
  collapse library dir [/usr/lib/gcc/aarch64-linux-gnu/7/../../..] ==> [/usr/lib]
  implicit libs: [gcc;gcc_s;c;gcc;gcc_s]
  implicit dirs: [/usr/lib/gcc/aarch64-linux-gnu/7;/usr/lib/aarch64-linux-gnu;/usr/lib;/lib/aarch64-linux-gnu;/lib]
  implicit fwks: []




Detecting C [-std=c11] compiler features compiled with the following output:
Change Dir: /home/nvidia/Desktop/Barrier/barrier/build/CMakeFiles/CMakeTmp

Run Build Command:"/usr/bin/make" "cmTC_9e19c/fast"
/usr/bin/make -f CMakeFiles/cmTC_9e19c.dir/build.make CMakeFiles/cmTC_9e19c.dir/build
make[1]: Entering directory '/home/nvidia/Desktop/Barrier/barrier/build/CMakeFiles/CMakeTmp'
Building C object CMakeFiles/cmTC_9e19c.dir/feature_tests.c.o
/usr/bin/cc   -std=c11 -o CMakeFiles/cmTC_9e19c.dir/feature_tests.c.o   -c /home/nvidia/Desktop/Barrier/barrier/build/CMakeFiles/feature_tests.c
Linking C executable cmTC_9e19c
/usr/bin/cmake -E cmake_link_script CMakeFiles/cmTC_9e19c.dir/link.txt --verbose=1
/usr/bin/cc      CMakeFiles/cmTC_9e19c.dir/feature_tests.c.o  -o cmTC_9e19c 
make[1]: Leaving directory '/home/nvidia/Desktop/Barrier/barrier/build/CMakeFiles/CMakeTmp'


    Feature record: C_FEATURE:1c_function_prototypes
    Feature record: C_FEATURE:1c_restrict
    Feature record: C_FEATURE:1c_static_assert
    Feature record: C_FEATURE:1c_variadic_macros


Detecting C [-std=c99] compiler features compiled with the following output:
Change Dir: /home/nvidia/Desktop/Barrier/barrier/build/CMakeFiles/CMakeTmp

Run Build Command:"/usr/bin/make" "cmTC_bcaa7/fast"
/usr/bin/make -f CMakeFiles/cmTC_bcaa7.dir/build.make CMakeFiles/cmTC_bcaa7.dir/build
make[1]: Entering directory '/home/nvidia/Desktop/Barrier/barrier/build/CMakeFiles/CMakeTmp'
Building C object CMakeFiles/cmTC_bcaa7.dir/feature_tests.c.o
/usr/bin/cc   -std=c99 -o CMakeFiles/cmTC_bcaa7.dir/feature_tests.c.o   -c /home/nvidia/Desktop/Barrier/barrier/build/CMakeFiles/feature_tests.c
Linking C executable cmTC_bcaa7
/usr/bin/cmake -E cmake_link_script CMakeFiles/cmTC_bcaa7.dir/link.txt --verbose=1
/usr/bin/cc      CMakeFiles/cmTC_bcaa7.dir/feature_tests.c.o  -o cmTC_bcaa7 
make[1]: Leaving directory '/home/nvidia/Desktop/Barrier/barrier/build/CMakeFiles/CMakeTmp'


    Feature record: C_FEATURE:1c_function_prototypes
    Feature record: C_FEATURE:1c_restrict
    Feature record: C_FEATURE:0c_static_assert
    Feature record: C_FEATURE:1c_variadic_macros


Detecting C [-std=c90] compiler features compiled with the following output:
Change Dir: /home/nvidia/Desktop/Barrier/barrier/build/CMakeFiles/CMakeTmp

Run Build Command:"/usr/bin/make" "cmTC_175dd/fast"
/usr/bin/make -f CMakeFiles/cmTC_175dd.dir/build.make CMakeFiles/cmTC_175dd.dir/build
make[1]: Entering directory '/home/nvidia/Desktop/Barrier/barrier/build/CMakeFiles/CMakeTmp'
Building C object CMakeFiles/cmTC_175dd.dir/feature_tests.c.o
/usr/bin/cc   -std=c90 -o CMakeFiles/cmTC_175dd.dir/feature_tests.c.o   -c /home/nvidia/Desktop/Barrier/barrier/build/CMakeFiles/feature_tests.c
Linking C executable cmTC_175dd
/usr/bin/cmake -E cmake_link_script CMakeFiles/cmTC_175dd.dir/link.txt --verbose=1
/usr/bin/cc      CMakeFiles/cmTC_175dd.dir/feature_tests.c.o  -o cmTC_175dd 
make[1]: Leaving directory '/home/nvidia/Desktop/Barrier/barrier/build/CMakeFiles/CMakeTmp'


    Feature record: C_FEATURE:1c_function_prototypes
    Feature record: C_FEATURE:0c_restrict
    Feature record: C_FEATURE:0c_static_assert
    Feature record: C_FEATURE:0c_variadic_macros
Determining if the CXX compiler works passed with the following output:
Change Dir: /home/nvidia/Desktop/Barrier/barrier/build/CMakeFiles/CMakeTmp

Run Build Command:"/usr/bin/make" "cmTC_ea690/fast"
/usr/bin/make -f CMakeFiles/cmTC_ea690.dir/build.make CMakeFiles/cmTC_ea690.dir/build
make[1]: Entering directory '/home/nvidia/Desktop/Barrier/barrier/build/CMakeFiles/CMakeTmp'
Building CXX object CMakeFiles/cmTC_ea690.dir/testCXXCompiler.cxx.o
/usr/bin/c++     -o CMakeFiles/cmTC_ea690.dir/testCXXCompiler.cxx.o -c /home/nvidia/Desktop/Barrier/barrier/build/CMakeFiles/CMakeTmp/testCXXCompiler.cxx
Linking CXX executable cmTC_ea690
/usr/bin/cmake -E cmake_link_script CMakeFiles/cmTC_ea690.dir/link.txt --verbose=1
/usr/bin/c++       CMakeFiles/cmTC_ea690.dir/testCXXCompiler.cxx.o  -o cmTC_ea690 
make[1]: Leaving directory '/home/nvidia/Desktop/Barrier/barrier/build/CMakeFiles/CMakeTmp'


Detecting CXX compiler ABI info compiled with the following output:
Change Dir: /home/nvidia/Desktop/Barrier/barrier/build/CMakeFiles/CMakeTmp

Run Build Command:"/usr/bin/make" "cmTC_5775f/fast"
/usr/bin/make -f CMakeFiles/cmTC_5775f.dir/build.make CMakeFiles/cmTC_5775f.dir/build
make[1]: Entering directory '/home/nvidia/Desktop/Barrier/barrier/build/CMakeFiles/CMakeTmp'
Building CXX object CMakeFiles/cmTC_5775f.dir/CMakeCXXCompilerABI.cpp.o
/usr/bin/c++     -o CMakeFiles/cmTC_5775f.dir/CMakeCXXCompilerABI.cpp.o -c /usr/share/cmake-3.10/Modules/CMakeCXXCompilerABI.cpp
Linking CXX executable cmTC_5775f
/usr/bin/cmake -E cmake_link_script CMakeFiles/cmTC_5775f.dir/link.txt --verbose=1
/usr/bin/c++      -v CMakeFiles/cmTC_5775f.dir/CMakeCXXCompilerABI.cpp.o  -o cmTC_5775f 
Using built-in specs.
COLLECT_GCC=/usr/bin/c++
COLLECT_LTO_WRAPPER=/usr/lib/gcc/aarch64-linux-gnu/7/lto-wrapper
Target: aarch64-linux-gnu
Configured with: ../src/configure -v --with-pkgversion='Ubuntu/Linaro 7.4.0-1ubuntu1~18.04.1' --with-bugurl=file:///usr/share/doc/gcc-7/README.Bugs --enable-languages=c,ada,c++,go,d,fortran,objc,obj-c++ --prefix=/usr --with-gcc-major-version-only --program-suffix=-7 --program-prefix=aarch64-linux-gnu- --enable-shared --enable-linker-build-id --libexecdir=/usr/lib --without-included-gettext --enable-threads=posix --libdir=/usr/lib --enable-nls --with-sysroot=/ --enable-clocale=gnu --enable-libstdcxx-debug --enable-libstdcxx-time=yes --with-default-libstdcxx-abi=new --enable-gnu-unique-object --disable-libquadmath --disable-libquadmath-support --enable-plugin --enable-default-pie --with-system-zlib --enable-multiarch --enable-fix-cortex-a53-843419 --disable-werror --enable-checking=release --build=aarch64-linux-gnu --host=aarch64-linux-gnu --target=aarch64-linux-gnu
Thread model: posix
gcc version 7.4.0 (Ubuntu/Linaro 7.4.0-1ubuntu1~18.04.1) 
COMPILER_PATH=/usr/lib/gcc/aarch64-linux-gnu/7/:/usr/lib/gcc/aarch64-linux-gnu/7/:/usr/lib/gcc/aarch64-linux-gnu/:/usr/lib/gcc/aarch64-linux-gnu/7/:/usr/lib/gcc/aarch64-linux-gnu/
LIBRARY_PATH=/usr/lib/gcc/aarch64-linux-gnu/7/:/usr/lib/gcc/aarch64-linux-gnu/7/../../../aarch64-linux-gnu/:/usr/lib/gcc/aarch64-linux-gnu/7/../../../../lib/:/lib/aarch64-linux-gnu/:/lib/../lib/:/usr/lib/aarch64-linux-gnu/:/usr/lib/../lib/:/usr/lib/gcc/aarch64-linux-gnu/7/../../../:/lib/:/usr/lib/
COLLECT_GCC_OPTIONS='-v' '-o' 'cmTC_5775f' '-shared-libgcc' '-mlittle-endian' '-mabi=lp64'
 /usr/lib/gcc/aarch64-linux-gnu/7/collect2 -plugin /usr/lib/gcc/aarch64-linux-gnu/7/liblto_plugin.so -plugin-opt=/usr/lib/gcc/aarch64-linux-gnu/7/lto-wrapper -plugin-opt=-fresolution=/tmp/cceDTB4L.res -plugin-opt=-pass-through=-lgcc_s -plugin-opt=-pass-through=-lgcc -plugin-opt=-pass-through=-lc -plugin-opt=-pass-through=-lgcc_s -plugin-opt=-pass-through=-lgcc --sysroot=/ --build-id --eh-frame-hdr --hash-style=gnu --as-needed -dynamic-linker /lib/ld-linux-aarch64.so.1 -X -EL -maarch64linux --fix-cortex-a53-843419 -pie -z now -z relro -o cmTC_5775f /usr/lib/gcc/aarch64-linux-gnu/7/../../../aarch64-linux-gnu/Scrt1.o /usr/lib/gcc/aarch64-linux-gnu/7/../../../aarch64-linux-gnu/crti.o /usr/lib/gcc/aarch64-linux-gnu/7/crtbeginS.o -L/usr/lib/gcc/aarch64-linux-gnu/7 -L/usr/lib/gcc/aarch64-linux-gnu/7/../../../aarch64-linux-gnu -L/usr/lib/gcc/aarch64-linux-gnu/7/../../../../lib -L/lib/aarch64-linux-gnu -L/lib/../lib -L/usr/lib/aarch64-linux-gnu -L/usr/lib/../lib -L/usr/lib/gcc/aarch64-linux-gnu/7/../../.. CMakeFiles/cmTC_5775f.dir/CMakeCXXCompilerABI.cpp.o -lstdc++ -lm -lgcc_s -lgcc -lc -lgcc_s -lgcc /usr/lib/gcc/aarch64-linux-gnu/7/crtendS.o /usr/lib/gcc/aarch64-linux-gnu/7/../../../aarch64-linux-gnu/crtn.o
COLLECT_GCC_OPTIONS='-v' '-o' 'cmTC_5775f' '-shared-libgcc' '-mlittle-endian' '-mabi=lp64'
make[1]: Leaving directory '/home/nvidia/Desktop/Barrier/barrier/build/CMakeFiles/CMakeTmp'


Parsed CXX implicit link information from above output:
  link line regex: [^( *|.*[/\])(ld|CMAKE_LINK_STARTFILE-NOTFOUND|([^/\]+-)?ld|collect2)[^/\]*( |$)]
  ignore line: [Change Dir: /home/nvidia/Desktop/Barrier/barrier/build/CMakeFiles/CMakeTmp]
  ignore line: []
  ignore line: [Run Build Command:"/usr/bin/make" "cmTC_5775f/fast"]
  ignore line: [/usr/bin/make -f CMakeFiles/cmTC_5775f.dir/build.make CMakeFiles/cmTC_5775f.dir/build]
  ignore line: [make[1]: Entering directory '/home/nvidia/Desktop/Barrier/barrier/build/CMakeFiles/CMakeTmp']
  ignore line: [Building CXX object CMakeFiles/cmTC_5775f.dir/CMakeCXXCompilerABI.cpp.o]
  ignore line: [/usr/bin/c++     -o CMakeFiles/cmTC_5775f.dir/CMakeCXXCompilerABI.cpp.o -c /usr/share/cmake-3.10/Modules/CMakeCXXCompilerABI.cpp]
  ignore line: [Linking CXX executable cmTC_5775f]
  ignore line: [/usr/bin/cmake -E cmake_link_script CMakeFiles/cmTC_5775f.dir/link.txt --verbose=1]
  ignore line: [/usr/bin/c++      -v CMakeFiles/cmTC_5775f.dir/CMakeCXXCompilerABI.cpp.o  -o cmTC_5775f ]
  ignore line: [Using built-in specs.]
  ignore line: [COLLECT_GCC=/usr/bin/c++]
  ignore line: [COLLECT_LTO_WRAPPER=/usr/lib/gcc/aarch64-linux-gnu/7/lto-wrapper]
  ignore line: [Target: aarch64-linux-gnu]
  ignore line: [Configured with: ../src/configure -v --with-pkgversion='Ubuntu/Linaro 7.4.0-1ubuntu1~18.04.1' --with-bugurl=file:///usr/share/doc/gcc-7/README.Bugs --enable-languages=c,ada,c++,go,d,fortran,objc,obj-c++ --prefix=/usr --with-gcc-major-version-only --program-suffix=-7 --program-prefix=aarch64-linux-gnu- --enable-shared --enable-linker-build-id --libexecdir=/usr/lib --without-included-gettext --enable-threads=posix --libdir=/usr/lib --enable-nls --with-sysroot=/ --enable-clocale=gnu --enable-libstdcxx-debug --enable-libstdcxx-time=yes --with-default-libstdcxx-abi=new --enable-gnu-unique-object --disable-libquadmath --disable-libquadmath-support --enable-plugin --enable-default-pie --with-system-zlib --enable-multiarch --enable-fix-cortex-a53-843419 --disable-werror --enable-checking=release --build=aarch64-linux-gnu --host=aarch64-linux-gnu --target=aarch64-linux-gnu]
  ignore line: [Thread model: posix]
  ignore line: [gcc version 7.4.0 (Ubuntu/Linaro 7.4.0-1ubuntu1~18.04.1) ]
  ignore line: [COMPILER_PATH=/usr/lib/gcc/aarch64-linux-gnu/7/:/usr/lib/gcc/aarch64-linux-gnu/7/:/usr/lib/gcc/aarch64-linux-gnu/:/usr/lib/gcc/aarch64-linux-gnu/7/:/usr/lib/gcc/aarch64-linux-gnu/]
  ignore line: [LIBRARY_PATH=/usr/lib/gcc/aarch64-linux-gnu/7/:/usr/lib/gcc/aarch64-linux-gnu/7/../../../aarch64-linux-gnu/:/usr/lib/gcc/aarch64-linux-gnu/7/../../../../lib/:/lib/aarch64-linux-gnu/:/lib/../lib/:/usr/lib/aarch64-linux-gnu/:/usr/lib/../lib/:/usr/lib/gcc/aarch64-linux-gnu/7/../../../:/lib/:/usr/lib/]
  ignore line: [COLLECT_GCC_OPTIONS='-v' '-o' 'cmTC_5775f' '-shared-libgcc' '-mlittle-endian' '-mabi=lp64']
  link line: [ /usr/lib/gcc/aarch64-linux-gnu/7/collect2 -plugin /usr/lib/gcc/aarch64-linux-gnu/7/liblto_plugin.so -plugin-opt=/usr/lib/gcc/aarch64-linux-gnu/7/lto-wrapper -plugin-opt=-fresolution=/tmp/cceDTB4L.res -plugin-opt=-pass-through=-lgcc_s -plugin-opt=-pass-through=-lgcc -plugin-opt=-pass-through=-lc -plugin-opt=-pass-through=-lgcc_s -plugin-opt=-pass-through=-lgcc --sysroot=/ --build-id --eh-frame-hdr --hash-style=gnu --as-needed -dynamic-linker /lib/ld-linux-aarch64.so.1 -X -EL -maarch64linux --fix-cortex-a53-843419 -pie -z now -z relro -o cmTC_5775f /usr/lib/gcc/aarch64-linux-gnu/7/../../../aarch64-linux-gnu/Scrt1.o /usr/lib/gcc/aarch64-linux-gnu/7/../../../aarch64-linux-gnu/crti.o /usr/lib/gcc/aarch64-linux-gnu/7/crtbeginS.o -L/usr/lib/gcc/aarch64-linux-gnu/7 -L/usr/lib/gcc/aarch64-linux-gnu/7/../../../aarch64-linux-gnu -L/usr/lib/gcc/aarch64-linux-gnu/7/../../../../lib -L/lib/aarch64-linux-gnu -L/lib/../lib -L/usr/lib/aarch64-linux-gnu -L/usr/lib/../lib -L/usr/lib/gcc/aarch64-linux-gnu/7/../../.. CMakeFiles/cmTC_5775f.dir/CMakeCXXCompilerABI.cpp.o -lstdc++ -lm -lgcc_s -lgcc -lc -lgcc_s -lgcc /usr/lib/gcc/aarch64-linux-gnu/7/crtendS.o /usr/lib/gcc/aarch64-linux-gnu/7/../../../aarch64-linux-gnu/crtn.o]
    arg [/usr/lib/gcc/aarch64-linux-gnu/7/collect2] ==> ignore
    arg [-plugin] ==> ignore
    arg [/usr/lib/gcc/aarch64-linux-gnu/7/liblto_plugin.so] ==> ignore
    arg [-plugin-opt=/usr/lib/gcc/aarch64-linux-gnu/7/lto-wrapper] ==> ignore
    arg [-plugin-opt=-fresolution=/tmp/cceDTB4L.res] ==> ignore
    arg [-plugin-opt=-pass-through=-lgcc_s] ==> ignore
    arg [-plugin-opt=-pass-through=-lgcc] ==> ignore
    arg [-plugin-opt=-pass-through=-lc] ==> ignore
    arg [-plugin-opt=-pass-through=-lgcc_s] ==> ignore
    arg [-plugin-opt=-pass-through=-lgcc] ==> ignore
    arg [--sysroot=/] ==> ignore
    arg [--build-id] ==> ignore
    arg [--eh-frame-hdr] ==> ignore
    arg [--hash-style=gnu] ==> ignore
    arg [--as-needed] ==> ignore
    arg [-dynamic-linker] ==> ignore
    arg [/lib/ld-linux-aarch64.so.1] ==> ignore
    arg [-X] ==> ignore
    arg [-EL] ==> ignore
    arg [-maarch64linux] ==> ignore
    arg [--fix-cortex-a53-843419] ==> ignore
    arg [-pie] ==> ignore
    arg [-znow] ==> ignore
    arg [-zrelro] ==> ignore
    arg [-o] ==> ignore
    arg [cmTC_5775f] ==> ignore
    arg [/usr/lib/gcc/aarch64-linux-gnu/7/../../../aarch64-linux-gnu/Scrt1.o] ==> ignore
    arg [/usr/lib/gcc/aarch64-linux-gnu/7/../../../aarch64-linux-gnu/crti.o] ==> ignore
    arg [/usr/lib/gcc/aarch64-linux-gnu/7/crtbeginS.o] ==> ignore
    arg [-L/usr/lib/gcc/aarch64-linux-gnu/7] ==> dir [/usr/lib/gcc/aarch64-linux-gnu/7]
    arg [-L/usr/lib/gcc/aarch64-linux-gnu/7/../../../aarch64-linux-gnu] ==> dir [/usr/lib/gcc/aarch64-linux-gnu/7/../../../aarch64-linux-gnu]
    arg [-L/usr/lib/gcc/aarch64-linux-gnu/7/../../../../lib] ==> dir [/usr/lib/gcc/aarch64-linux-gnu/7/../../../../lib]
    arg [-L/lib/aarch64-linux-gnu] ==> dir [/lib/aarch64-linux-gnu]
    arg [-L/lib/../lib] ==> dir [/lib/../lib]
    arg [-L/usr/lib/aarch64-linux-gnu] ==> dir [/usr/lib/aarch64-linux-gnu]
    arg [-L/usr/lib/../lib] ==> dir [/usr/lib/../lib]
    arg [-L/usr/lib/gcc/aarch64-linux-gnu/7/../../..] ==> dir [/usr/lib/gcc/aarch64-linux-gnu/7/../../..]
    arg [CMakeFiles/cmTC_5775f.dir/CMakeCXXCompilerABI.cpp.o] ==> ignore
    arg [-lstdc++] ==> lib [stdc++]
    arg [-lm] ==> lib [m]
    arg [-lgcc_s] ==> lib [gcc_s]
    arg [-lgcc] ==> lib [gcc]
    arg [-lc] ==> lib [c]
    arg [-lgcc_s] ==> lib [gcc_s]
    arg [-lgcc] ==> lib [gcc]
    arg [/usr/lib/gcc/aarch64-linux-gnu/7/crtendS.o] ==> ignore
    arg [/usr/lib/gcc/aarch64-linux-gnu/7/../../../aarch64-linux-gnu/crtn.o] ==> ignore
  collapse library dir [/usr/lib/gcc/aarch64-linux-gnu/7] ==> [/usr/lib/gcc/aarch64-linux-gnu/7]
  collapse library dir [/usr/lib/gcc/aarch64-linux-gnu/7/../../../aarch64-linux-gnu] ==> [/usr/lib/aarch64-linux-gnu]
  collapse library dir [/usr/lib/gcc/aarch64-linux-gnu/7/../../../../lib] ==> [/usr/lib]
  collapse library dir [/lib/aarch64-linux-gnu] ==> [/lib/aarch64-linux-gnu]
  collapse library dir [/lib/../lib] ==> [/lib]
  collapse library dir [/usr/lib/aarch64-linux-gnu] ==> [/usr/lib/aarch64-linux-gnu]
  collapse library dir [/usr/lib/../lib] ==> [/usr/lib]
  collapse library dir [/usr/lib/gcc/aarch64-linux-gnu/7/../../..] ==> [/usr/lib]
  implicit libs: [stdc++;m;gcc_s;gcc;c;gcc_s;gcc]
  implicit dirs: [/usr/lib/gcc/aarch64-linux-gnu/7;/usr/lib/aarch64-linux-gnu;/usr/lib;/lib/aarch64-linux-gnu;/lib]
  implicit fwks: []




Detecting CXX [-std=c++1z] compiler features compiled with the following output:
Change Dir: /home/nvidia/Desktop/Barrier/barrier/build/CMakeFiles/CMakeTmp

Run Build Command:"/usr/bin/make" "cmTC_536bb/fast"
/usr/bin/make -f CMakeFiles/cmTC_536bb.dir/build.make CMakeFiles/cmTC_536bb.dir/build
make[1]: Entering directory '/home/nvidia/Desktop/Barrier/barrier/build/CMakeFiles/CMakeTmp'
Building CXX object CMakeFiles/cmTC_536bb.dir/feature_tests.cxx.o
/usr/bin/c++    -std=c++1z -o CMakeFiles/cmTC_536bb.dir/feature_tests.cxx.o -c /home/nvidia/Desktop/Barrier/barrier/build/CMakeFiles/feature_tests.cxx
Linking CXX executable cmTC_536bb
/usr/bin/cmake -E cmake_link_script CMakeFiles/cmTC_536bb.dir/link.txt --verbose=1
/usr/bin/c++       CMakeFiles/cmTC_536bb.dir/feature_tests.cxx.o  -o cmTC_536bb 
make[1]: Leaving directory '/home/nvidia/Desktop/Barrier/barrier/build/CMakeFiles/CMakeTmp'


    Feature record: CXX_FEATURE:1cxx_aggregate_default_initializers
    Feature record: CXX_FEATURE:1cxx_alias_templates
    Feature record: CXX_FEATURE:1cxx_alignas
    Feature record: CXX_FEATURE:1cxx_alignof
    Feature record: CXX_FEATURE:1cxx_attributes
    Feature record: CXX_FEATURE:1cxx_attribute_deprecated
    Feature record: CXX_FEATURE:1cxx_auto_type
    Feature record: CXX_FEATURE:1cxx_binary_literals
    Feature record: CXX_FEATURE:1cxx_constexpr
    Feature record: CXX_FEATURE:1cxx_contextual_conversions
    Feature record: CXX_FEATURE:1cxx_decltype
    Feature record: CXX_FEATURE:1cxx_decltype_auto
    Feature record: CXX_FEATURE:1cxx_decltype_incomplete_return_types
    Feature record: CXX_FEATURE:1cxx_default_function_template_args
    Feature record: CXX_FEATURE:1cxx_defaulted_functions
    Feature record: CXX_FEATURE:1cxx_defaulted_move_initializers
    Feature record: CXX_FEATURE:1cxx_delegating_constructors
    Feature record: CXX_FEATURE:1cxx_deleted_functions
    Feature record: CXX_FEATURE:1cxx_digit_separators
    Feature record: CXX_FEATURE:1cxx_enum_forward_declarations
    Feature record: CXX_FEATURE:1cxx_explicit_conversions
    Feature record: CXX_FEATURE:1cxx_extended_friend_declarations
    Feature record: CXX_FEATURE:1cxx_extern_templates
    Feature record: CXX_FEATURE:1cxx_final
    Feature record: CXX_FEATURE:1cxx_func_identifier
    Feature record: CXX_FEATURE:1cxx_generalized_initializers
    Feature record: CXX_FEATURE:1cxx_generic_lambdas
    Feature record: CXX_FEATURE:1cxx_inheriting_constructors
    Feature record: CXX_FEATURE:1cxx_inline_namespaces
    Feature record: CXX_FEATURE:1cxx_lambdas
    Feature record: CXX_FEATURE:1cxx_lambda_init_captures
    Feature record: CXX_FEATURE:1cxx_local_type_template_args
    Feature record: CXX_FEATURE:1cxx_long_long_type
    Feature record: CXX_FEATURE:1cxx_noexcept
    Feature record: CXX_FEATURE:1cxx_nonstatic_member_init
    Feature record: CXX_FEATURE:1cxx_nullptr
    Feature record: CXX_FEATURE:1cxx_override
    Feature record: CXX_FEATURE:1cxx_range_for
    Feature record: CXX_FEATURE:1cxx_raw_string_literals
    Feature record: CXX_FEATURE:1cxx_reference_qualified_functions
    Feature record: CXX_FEATURE:1cxx_relaxed_constexpr
    Feature record: CXX_FEATURE:1cxx_return_type_deduction
    Feature record: CXX_FEATURE:1cxx_right_angle_brackets
    Feature record: CXX_FEATURE:1cxx_rvalue_references
    Feature record: CXX_FEATURE:1cxx_sizeof_member
    Feature record: CXX_FEATURE:1cxx_static_assert
    Feature record: CXX_FEATURE:1cxx_strong_enums
    Feature record: CXX_FEATURE:1cxx_template_template_parameters
    Feature record: CXX_FEATURE:1cxx_thread_local
    Feature record: CXX_FEATURE:1cxx_trailing_return_types
    Feature record: CXX_FEATURE:1cxx_unicode_literals
    Feature record: CXX_FEATURE:1cxx_uniform_initialization
    Feature record: CXX_FEATURE:1cxx_unrestricted_unions
    Feature record: CXX_FEATURE:1cxx_user_literals
    Feature record: CXX_FEATURE:1cxx_variable_templates
    Feature record: CXX_FEATURE:1cxx_variadic_macros
    Feature record: CXX_FEATURE:1cxx_variadic_templates


Detecting CXX [-std=c++14] compiler features compiled with the following output:
Change Dir: /home/nvidia/Desktop/Barrier/barrier/build/CMakeFiles/CMakeTmp

Run Build Command:"/usr/bin/make" "cmTC_40d4f/fast"
/usr/bin/make -f CMakeFiles/cmTC_40d4f.dir/build.make CMakeFiles/cmTC_40d4f.dir/build
make[1]: Entering directory '/home/nvidia/Desktop/Barrier/barrier/build/CMakeFiles/CMakeTmp'
Building CXX object CMakeFiles/cmTC_40d4f.dir/feature_tests.cxx.o
/usr/bin/c++    -std=c++14 -o CMakeFiles/cmTC_40d4f.dir/feature_tests.cxx.o -c /home/nvidia/Desktop/Barrier/barrier/build/CMakeFiles/feature_tests.cxx
Linking CXX executable cmTC_40d4f
/usr/bin/cmake -E cmake_link_script CMakeFiles/cmTC_40d4f.dir/link.txt --verbose=1
/usr/bin/c++       CMakeFiles/cmTC_40d4f.dir/feature_tests.cxx.o  -o cmTC_40d4f 
make[1]: Leaving directory '/home/nvidia/Desktop/Barrier/barrier/build/CMakeFiles/CMakeTmp'


    Feature record: CXX_FEATURE:1cxx_aggregate_default_initializers
    Feature record: CXX_FEATURE:1cxx_alias_templates
    Feature record: CXX_FEATURE:1cxx_alignas
    Feature record: CXX_FEATURE:1cxx_alignof
    Feature record: CXX_FEATURE:1cxx_attributes
    Feature record: CXX_FEATURE:1cxx_attribute_deprecated
    Feature record: CXX_FEATURE:1cxx_auto_type
    Feature record: CXX_FEATURE:1cxx_binary_literals
    Feature record: CXX_FEATURE:1cxx_constexpr
    Feature record: CXX_FEATURE:1cxx_contextual_conversions
    Feature record: CXX_FEATURE:1cxx_decltype
    Feature record: CXX_FEATURE:1cxx_decltype_auto
    Feature record: CXX_FEATURE:1cxx_decltype_incomplete_return_types
    Feature record: CXX_FEATURE:1cxx_default_function_template_args
    Feature record: CXX_FEATURE:1cxx_defaulted_functions
    Feature record: CXX_FEATURE:1cxx_defaulted_move_initializers
    Feature record: CXX_FEATURE:1cxx_delegating_constructors
    Feature record: CXX_FEATURE:1cxx_deleted_functions
    Feature record: CXX_FEATURE:1cxx_digit_separators
    Feature record: CXX_FEATURE:1cxx_enum_forward_declarations
    Feature record: CXX_FEATURE:1cxx_explicit_conversions
    Feature record: CXX_FEATURE:1cxx_extended_friend_declarations
    Feature record: CXX_FEATURE:1cxx_extern_templates
    Feature record: CXX_FEATURE:1cxx_final
    Feature record: CXX_FEATURE:1cxx_func_identifier
    Feature record: CXX_FEATURE:1cxx_generalized_initializers
    Feature record: CXX_FEATURE:1cxx_generic_lambdas
    Feature record: CXX_FEATURE:1cxx_inheriting_constructors
    Feature record: CXX_FEATURE:1cxx_inline_namespaces
    Feature record: CXX_FEATURE:1cxx_lambdas
    Feature record: CXX_FEATURE:1cxx_lambda_init_captures
    Feature record: CXX_FEATURE:1cxx_local_type_template_args
    Feature record: CXX_FEATURE:1cxx_long_long_type
    Feature record: CXX_FEATURE:1cxx_noexcept
    Feature record: CXX_FEATURE:1cxx_nonstatic_member_init
    Feature record: CXX_FEATURE:1cxx_nullptr
    Feature record: CXX_FEATURE:1cxx_override
    Feature record: CXX_FEATURE:1cxx_range_for
    Feature record: CXX_FEATURE:1cxx_raw_string_literals
    Feature record: CXX_FEATURE:1cxx_reference_qualified_functions
    Feature record: CXX_FEATURE:1cxx_relaxed_constexpr
    Feature record: CXX_FEATURE:1cxx_return_type_deduction
    Feature record: CXX_FEATURE:1cxx_right_angle_brackets
    Feature record: CXX_FEATURE:1cxx_rvalue_references
    Feature record: CXX_FEATURE:1cxx_sizeof_member
    Feature record: CXX_FEATURE:1cxx_static_assert
    Feature record: CXX_FEATURE:1cxx_strong_enums
    Feature record: CXX_FEATURE:1cxx_template_template_parameters
    Feature record: CXX_FEATURE:1cxx_thread_local
    Feature record: CXX_FEATURE:1cxx_trailing_return_types
    Feature record: CXX_FEATURE:1cxx_unicode_literals
    Feature record: CXX_FEATURE:1cxx_uniform_initialization
    Feature record: CXX_FEATURE:1cxx_unrestricted_unions
    Feature record: CXX_FEATURE:1cxx_user_literals
    Feature record: CXX_FEATURE:1cxx_variable_templates
    Feature record: CXX_FEATURE:1cxx_variadic_macros
    Feature record: CXX_FEATURE:1cxx_variadic_templates


Detecting CXX [-std=c++11] compiler features compiled with the following output:
Change Dir: /home/nvidia/Desktop/Barrier/barrier/build/CMakeFiles/CMakeTmp

Run Build Command:"/usr/bin/make" "cmTC_e8aa0/fast"
/usr/bin/make -f CMakeFiles/cmTC_e8aa0.dir/build.make CMakeFiles/cmTC_e8aa0.dir/build
make[1]: Entering directory '/home/nvidia/Desktop/Barrier/barrier/build/CMakeFiles/CMakeTmp'
Building CXX object CMakeFiles/cmTC_e8aa0.dir/feature_tests.cxx.o
/usr/bin/c++    -std=c++11 -o CMakeFiles/cmTC_e8aa0.dir/feature_tests.cxx.o -c /home/nvidia/Desktop/Barrier/barrier/build/CMakeFiles/feature_tests.cxx
Linking CXX executable cmTC_e8aa0
/usr/bin/cmake -E cmake_link_script CMakeFiles/cmTC_e8aa0.dir/link.txt --verbose=1
/usr/bin/c++       CMakeFiles/cmTC_e8aa0.dir/feature_tests.cxx.o  -o cmTC_e8aa0 
make[1]: Leaving directory '/home/nvidia/Desktop/Barrier/barrier/build/CMakeFiles/CMakeTmp'


    Feature record: CXX_FEATURE:0cxx_aggregate_default_initializers
    Feature record: CXX_FEATURE:1cxx_alias_templates
    Feature record: CXX_FEATURE:1cxx_alignas
    Feature record: CXX_FEATURE:1cxx_alignof
    Feature record: CXX_FEATURE:1cxx_attributes
    Feature record: CXX_FEATURE:0cxx_attribute_deprecated
    Feature record: CXX_FEATURE:1cxx_auto_type
    Feature record: CXX_FEATURE:0cxx_binary_literals
    Feature record: CXX_FEATURE:1cxx_constexpr
    Feature record: CXX_FEATURE:0cxx_contextual_conversions
    Feature record: CXX_FEATURE:1cxx_decltype
    Feature record: CXX_FEATURE:0cxx_decltype_auto
    Feature record: CXX_FEATURE:1cxx_decltype_incomplete_return_types
    Feature record: CXX_FEATURE:1cxx_default_function_template_args
    Feature record: CXX_FEATURE:1cxx_defaulted_functions
    Feature record: CXX_FEATURE:1cxx_defaulted_move_initializers
    Feature record: CXX_FEATURE:1cxx_delegating_constructors
    Feature record: CXX_FEATURE:1cxx_deleted_functions
    Feature record: CXX_FEATURE:0cxx_digit_separators
    Feature record: CXX_FEATURE:1cxx_enum_forward_declarations
    Feature record: CXX_FEATURE:1cxx_explicit_conversions
    Feature record: CXX_FEATURE:1cxx_extended_friend_declarations
    Feature record: CXX_FEATURE:1cxx_extern_templates
    Feature record: CXX_FEATURE:1cxx_final
    Feature record: CXX_FEATURE:1cxx_func_identifier
    Feature record: CXX_FEATURE:1cxx_generalized_initializers
    Feature record: CXX_FEATURE:0cxx_generic_lambdas
    Feature record: CXX_FEATURE:1cxx_inheriting_constructors
    Feature record: CXX_FEATURE:1cxx_inline_namespaces
    Feature record: CXX_FEATURE:1cxx_lambdas
    Feature record: CXX_FEATURE:0cxx_lambda_init_captures
    Feature record: CXX_FEATURE:1cxx_local_type_template_args
    Feature record: CXX_FEATURE:1cxx_long_long_type
    Feature record: CXX_FEATURE:1cxx_noexcept
    Feature record: CXX_FEATURE:1cxx_nonstatic_member_init
    Feature record: CXX_FEATURE:1cxx_nullptr
    Feature record: CXX_FEATURE:1cxx_override
    Feature record: CXX_FEATURE:1cxx_range_for
    Feature record: CXX_FEATURE:1cxx_raw_string_literals
    Feature record: CXX_FEATURE:1cxx_reference_qualified_functions
    Feature record: CXX_FEATURE:0cxx_relaxed_constexpr
    Feature record: CXX_FEATURE:0cxx_return_type_deduction
    Feature record: CXX_FEATURE:1cxx_right_angle_brackets
    Feature record: CXX_FEATURE:1cxx_rvalue_references
    Feature record: CXX_FEATURE:1cxx_sizeof_member
    Feature record: CXX_FEATURE:1cxx_static_assert
    Feature record: CXX_FEATURE:1cxx_strong_enums
    Feature record: CXX_FEATURE:1cxx_template_template_parameters
    Feature record: CXX_FEATURE:1cxx_thread_local
    Feature record: CXX_FEATURE:1cxx_trailing_return_types
    Feature record: CXX_FEATURE:1cxx_unicode_literals
    Feature record: CXX_FEATURE:1cxx_uniform_initialization
    Feature record: CXX_FEATURE:1cxx_unrestricted_unions
    Feature record: CXX_FEATURE:1cxx_user_literals
    Feature record: CXX_FEATURE:0cxx_variable_templates
    Feature record: CXX_FEATURE:1cxx_variadic_macros
    Feature record: CXX_FEATURE:1cxx_variadic_templates


Detecting CXX [-std=c++98] compiler features compiled with the following output:
Change Dir: /home/nvidia/Desktop/Barrier/barrier/build/CMakeFiles/CMakeTmp

Run Build Command:"/usr/bin/make" "cmTC_3aeb4/fast"
/usr/bin/make -f CMakeFiles/cmTC_3aeb4.dir/build.make CMakeFiles/cmTC_3aeb4.dir/build
make[1]: Entering directory '/home/nvidia/Desktop/Barrier/barrier/build/CMakeFiles/CMakeTmp'
Building CXX object CMakeFiles/cmTC_3aeb4.dir/feature_tests.cxx.o
/usr/bin/c++    -std=c++98 -o CMakeFiles/cmTC_3aeb4.dir/feature_tests.cxx.o -c /home/nvidia/Desktop/Barrier/barrier/build/CMakeFiles/feature_tests.cxx
Linking CXX executable cmTC_3aeb4
/usr/bin/cmake -E cmake_link_script CMakeFiles/cmTC_3aeb4.dir/link.txt --verbose=1
/usr/bin/c++       CMakeFiles/cmTC_3aeb4.dir/feature_tests.cxx.o  -o cmTC_3aeb4 
make[1]: Leaving directory '/home/nvidia/Desktop/Barrier/barrier/build/CMakeFiles/CMakeTmp'


    Feature record: CXX_FEATURE:0cxx_aggregate_default_initializers
    Feature record: CXX_FEATURE:0cxx_alias_templates
    Feature record: CXX_FEATURE:0cxx_alignas
    Feature record: CXX_FEATURE:0cxx_alignof
    Feature record: CXX_FEATURE:0cxx_attributes
    Feature record: CXX_FEATURE:0cxx_attribute_deprecated
    Feature record: CXX_FEATURE:0cxx_auto_type
    Feature record: CXX_FEATURE:0cxx_binary_literals
    Feature record: CXX_FEATURE:0cxx_constexpr
    Feature record: CXX_FEATURE:0cxx_contextual_conversions
    Feature record: CXX_FEATURE:0cxx_decltype
    Feature record: CXX_FEATURE:0cxx_decltype_auto
    Feature record: CXX_FEATURE:0cxx_decltype_incomplete_return_types
    Feature record: CXX_FEATURE:0cxx_default_function_template_args
    Feature record: CXX_FEATURE:0cxx_defaulted_functions
    Feature record: CXX_FEATURE:0cxx_defaulted_move_initializers
    Feature record: CXX_FEATURE:0cxx_delegating_constructors
    Feature record: CXX_FEATURE:0cxx_deleted_functions
    Feature record: CXX_FEATURE:0cxx_digit_separators
    Feature record: CXX_FEATURE:0cxx_enum_forward_declarations
    Feature record: CXX_FEATURE:0cxx_explicit_conversions
    Feature record: CXX_FEATURE:0cxx_extended_friend_declarations
    Feature record: CXX_FEATURE:0cxx_extern_templates
    Feature record: CXX_FEATURE:0cxx_final
    Feature record: CXX_FEATURE:0cxx_func_identifier
    Feature record: CXX_FEATURE:0cxx_generalized_initializers
    Feature record: CXX_FEATURE:0cxx_generic_lambdas
    Feature record: CXX_FEATURE:0cxx_inheriting_constructors
    Feature record: CXX_FEATURE:0cxx_inline_namespaces
    Feature record: CXX_FEATURE:0cxx_lambdas
    Feature record: CXX_FEATURE:0cxx_lambda_init_captures
    Feature record: CXX_FEATURE:0cxx_local_type_template_args
    Feature record: CXX_FEATURE:0cxx_long_long_type
    Feature record: CXX_FEATURE:0cxx_noexcept
    Feature record: CXX_FEATURE:0cxx_nonstatic_member_init
    Feature record: CXX_FEATURE:0cxx_nullptr
    Feature record: CXX_FEATURE:0cxx_override
    Feature record: CXX_FEATURE:0cxx_range_for
    Feature record: CXX_FEATURE:0cxx_raw_string_literals
    Feature record: CXX_FEATURE:0cxx_reference_qualified_functions
    Feature record: CXX_FEATURE:0cxx_relaxed_constexpr
    Feature record: CXX_FEATURE:0cxx_return_type_deduction
    Feature record: CXX_FEATURE:0cxx_right_angle_brackets
    Feature record: CXX_FEATURE:0cxx_rvalue_references
    Feature record: CXX_FEATURE:0cxx_sizeof_member
    Feature record: CXX_FEATURE:0cxx_static_assert
    Feature record: CXX_FEATURE:0cxx_strong_enums
    Feature record: CXX_FEATURE:1cxx_template_template_parameters
    Feature record: CXX_FEATURE:0cxx_thread_local
    Feature record: CXX_FEATURE:0cxx_trailing_return_types
    Feature record: CXX_FEATURE:0cxx_unicode_literals
    Feature record: CXX_FEATURE:0cxx_uniform_initialization
    Feature record: CXX_FEATURE:0cxx_unrestricted_unions
    Feature record: CXX_FEATURE:0cxx_user_literals
    Feature record: CXX_FEATURE:0cxx_variable_templates
    Feature record: CXX_FEATURE:0cxx_variadic_macros
    Feature record: CXX_FEATURE:0cxx_variadic_templates
Determining if the include file istream exists passed with the following output:
Change Dir: /home/nvidia/Desktop/Barrier/barrier/build/CMakeFiles/CMakeTmp

Run Build Command:"/usr/bin/make" "cmTC_95462/fast"
/usr/bin/make -f CMakeFiles/cmTC_95462.dir/build.make CMakeFiles/cmTC_95462.dir/build
make[1]: Entering directory '/home/nvidia/Desktop/Barrier/barrier/build/CMakeFiles/CMakeTmp'
Building CXX object CMakeFiles/cmTC_95462.dir/CheckIncludeFile.cxx.o
/usr/bin/c++    -fPIE   -o CMakeFiles/cmTC_95462.dir/CheckIncludeFile.cxx.o -c /home/nvidia/Desktop/Barrier/barrier/build/CMakeFiles/CMakeTmp/CheckIncludeFile.cxx
Linking CXX executable cmTC_95462
/usr/bin/cmake -E cmake_link_script CMakeFiles/cmTC_95462.dir/link.txt --verbose=1
/usr/bin/c++       CMakeFiles/cmTC_95462.dir/CheckIncludeFile.cxx.o  -o cmTC_95462 
make[1]: Leaving directory '/home/nvidia/Desktop/Barrier/barrier/build/CMakeFiles/CMakeTmp'


Determining if the include file ostream exists passed with the following output:
Change Dir: /home/nvidia/Desktop/Barrier/barrier/build/CMakeFiles/CMakeTmp

Run Build Command:"/usr/bin/make" "cmTC_badc6/fast"
/usr/bin/make -f CMakeFiles/cmTC_badc6.dir/build.make CMakeFiles/cmTC_badc6.dir/build
make[1]: Entering directory '/home/nvidia/Desktop/Barrier/barrier/build/CMakeFiles/CMakeTmp'
Building CXX object CMakeFiles/cmTC_badc6.dir/CheckIncludeFile.cxx.o
/usr/bin/c++    -fPIE   -o CMakeFiles/cmTC_badc6.dir/CheckIncludeFile.cxx.o -c /home/nvidia/Desktop/Barrier/barrier/build/CMakeFiles/CMakeTmp/CheckIncludeFile.cxx
Linking CXX executable cmTC_badc6
/usr/bin/cmake -E cmake_link_script CMakeFiles/cmTC_badc6.dir/link.txt --verbose=1
/usr/bin/c++       CMakeFiles/cmTC_badc6.dir/CheckIncludeFile.cxx.o  -o cmTC_badc6 
make[1]: Leaving directory '/home/nvidia/Desktop/Barrier/barrier/build/CMakeFiles/CMakeTmp'


Determining if the include file sstream exists passed with the following output:
Change Dir: /home/nvidia/Desktop/Barrier/barrier/build/CMakeFiles/CMakeTmp

Run Build Command:"/usr/bin/make" "cmTC_5831a/fast"
/usr/bin/make -f CMakeFiles/cmTC_5831a.dir/build.make CMakeFiles/cmTC_5831a.dir/build
make[1]: Entering directory '/home/nvidia/Desktop/Barrier/barrier/build/CMakeFiles/CMakeTmp'
Building CXX object CMakeFiles/cmTC_5831a.dir/CheckIncludeFile.cxx.o
/usr/bin/c++    -fPIE   -o CMakeFiles/cmTC_5831a.dir/CheckIncludeFile.cxx.o -c /home/nvidia/Desktop/Barrier/barrier/build/CMakeFiles/CMakeTmp/CheckIncludeFile.cxx
Linking CXX executable cmTC_5831a
/usr/bin/cmake -E cmake_link_script CMakeFiles/cmTC_5831a.dir/link.txt --verbose=1
/usr/bin/c++       CMakeFiles/cmTC_5831a.dir/CheckIncludeFile.cxx.o  -o cmTC_5831a 
make[1]: Leaving directory '/home/nvidia/Desktop/Barrier/barrier/build/CMakeFiles/CMakeTmp'


Determining if files inttypes.h exist passed with the following output:
Change Dir: /home/nvidia/Desktop/Barrier/barrier/build/CMakeFiles/CMakeTmp

Run Build Command:"/usr/bin/make" "cmTC_d7462/fast"
/usr/bin/make -f CMakeFiles/cmTC_d7462.dir/build.make CMakeFiles/cmTC_d7462.dir/build
make[1]: Entering directory '/home/nvidia/Desktop/Barrier/barrier/build/CMakeFiles/CMakeTmp'
Building C object CMakeFiles/cmTC_d7462.dir/CheckIncludeFiles.c.o
/usr/bin/cc   -fPIE   -o CMakeFiles/cmTC_d7462.dir/CheckIncludeFiles.c.o   -c /home/nvidia/Desktop/Barrier/barrier/build/CMakeFiles/CMakeTmp/CheckIncludeFiles.c
Linking C executable cmTC_d7462
/usr/bin/cmake -E cmake_link_script CMakeFiles/cmTC_d7462.dir/link.txt --verbose=1
/usr/bin/cc      CMakeFiles/cmTC_d7462.dir/CheckIncludeFiles.c.o  -o cmTC_d7462 
make[1]: Leaving directory '/home/nvidia/Desktop/Barrier/barrier/build/CMakeFiles/CMakeTmp'


Determining if files locale.h exist passed with the following output:
Change Dir: /home/nvidia/Desktop/Barrier/barrier/build/CMakeFiles/CMakeTmp

Run Build Command:"/usr/bin/make" "cmTC_8c5ef/fast"
/usr/bin/make -f CMakeFiles/cmTC_8c5ef.dir/build.make CMakeFiles/cmTC_8c5ef.dir/build
make[1]: Entering directory '/home/nvidia/Desktop/Barrier/barrier/build/CMakeFiles/CMakeTmp'
Building C object CMakeFiles/cmTC_8c5ef.dir/CheckIncludeFiles.c.o
/usr/bin/cc   -fPIE   -o CMakeFiles/cmTC_8c5ef.dir/CheckIncludeFiles.c.o   -c /home/nvidia/Desktop/Barrier/barrier/build/CMakeFiles/CMakeTmp/CheckIncludeFiles.c
Linking C executable cmTC_8c5ef
/usr/bin/cmake -E cmake_link_script CMakeFiles/cmTC_8c5ef.dir/link.txt --verbose=1
/usr/bin/cc      CMakeFiles/cmTC_8c5ef.dir/CheckIncludeFiles.c.o  -o cmTC_8c5ef 
make[1]: Leaving directory '/home/nvidia/Desktop/Barrier/barrier/build/CMakeFiles/CMakeTmp'


Determining if files memory.h exist passed with the following output:
Change Dir: /home/nvidia/Desktop/Barrier/barrier/build/CMakeFiles/CMakeTmp

Run Build Command:"/usr/bin/make" "cmTC_fb6db/fast"
/usr/bin/make -f CMakeFiles/cmTC_fb6db.dir/build.make CMakeFiles/cmTC_fb6db.dir/build
make[1]: Entering directory '/home/nvidia/Desktop/Barrier/barrier/build/CMakeFiles/CMakeTmp'
Building C object CMakeFiles/cmTC_fb6db.dir/CheckIncludeFiles.c.o
/usr/bin/cc   -fPIE   -o CMakeFiles/cmTC_fb6db.dir/CheckIncludeFiles.c.o   -c /home/nvidia/Desktop/Barrier/barrier/build/CMakeFiles/CMakeTmp/CheckIncludeFiles.c
Linking C executable cmTC_fb6db
/usr/bin/cmake -E cmake_link_script CMakeFiles/cmTC_fb6db.dir/link.txt --verbose=1
/usr/bin/cc      CMakeFiles/cmTC_fb6db.dir/CheckIncludeFiles.c.o  -o cmTC_fb6db 
make[1]: Leaving directory '/home/nvidia/Desktop/Barrier/barrier/build/CMakeFiles/CMakeTmp'


Determining if files stdlib.h exist passed with the following output:
Change Dir: /home/nvidia/Desktop/Barrier/barrier/build/CMakeFiles/CMakeTmp

Run Build Command:"/usr/bin/make" "cmTC_92256/fast"
/usr/bin/make -f CMakeFiles/cmTC_92256.dir/build.make CMakeFiles/cmTC_92256.dir/build
make[1]: Entering directory '/home/nvidia/Desktop/Barrier/barrier/build/CMakeFiles/CMakeTmp'
Building C object CMakeFiles/cmTC_92256.dir/CheckIncludeFiles.c.o
/usr/bin/cc   -fPIE   -o CMakeFiles/cmTC_92256.dir/CheckIncludeFiles.c.o   -c /home/nvidia/Desktop/Barrier/barrier/build/CMakeFiles/CMakeTmp/CheckIncludeFiles.c
Linking C executable cmTC_92256
/usr/bin/cmake -E cmake_link_script CMakeFiles/cmTC_92256.dir/link.txt --verbose=1
/usr/bin/cc      CMakeFiles/cmTC_92256.dir/CheckIncludeFiles.c.o  -o cmTC_92256 
make[1]: Leaving directory '/home/nvidia/Desktop/Barrier/barrier/build/CMakeFiles/CMakeTmp'


Determining if files strings.h exist passed with the following output:
Change Dir: /home/nvidia/Desktop/Barrier/barrier/build/CMakeFiles/CMakeTmp

Run Build Command:"/usr/bin/make" "cmTC_46496/fast"
/usr/bin/make -f CMakeFiles/cmTC_46496.dir/build.make CMakeFiles/cmTC_46496.dir/build
make[1]: Entering directory '/home/nvidia/Desktop/Barrier/barrier/build/CMakeFiles/CMakeTmp'
Building C object CMakeFiles/cmTC_46496.dir/CheckIncludeFiles.c.o
/usr/bin/cc   -fPIE   -o CMakeFiles/cmTC_46496.dir/CheckIncludeFiles.c.o   -c /home/nvidia/Desktop/Barrier/barrier/build/CMakeFiles/CMakeTmp/CheckIncludeFiles.c
Linking C executable cmTC_46496
/usr/bin/cmake -E cmake_link_script CMakeFiles/cmTC_46496.dir/link.txt --verbose=1
/usr/bin/cc      CMakeFiles/cmTC_46496.dir/CheckIncludeFiles.c.o  -o cmTC_46496 
make[1]: Leaving directory '/home/nvidia/Desktop/Barrier/barrier/build/CMakeFiles/CMakeTmp'


Determining if files string.h exist passed with the following output:
Change Dir: /home/nvidia/Desktop/Barrier/barrier/build/CMakeFiles/CMakeTmp

Run Build Command:"/usr/bin/make" "cmTC_c0b48/fast"
/usr/bin/make -f CMakeFiles/cmTC_c0b48.dir/build.make CMakeFiles/cmTC_c0b48.dir/build
make[1]: Entering directory '/home/nvidia/Desktop/Barrier/barrier/build/CMakeFiles/CMakeTmp'
Building C object CMakeFiles/cmTC_c0b48.dir/CheckIncludeFiles.c.o
/usr/bin/cc   -fPIE   -o CMakeFiles/cmTC_c0b48.dir/CheckIncludeFiles.c.o   -c /home/nvidia/Desktop/Barrier/barrier/build/CMakeFiles/CMakeTmp/CheckIncludeFiles.c
Linking C executable cmTC_c0b48
/usr/bin/cmake -E cmake_link_script CMakeFiles/cmTC_c0b48.dir/link.txt --verbose=1
/usr/bin/cc      CMakeFiles/cmTC_c0b48.dir/CheckIncludeFiles.c.o  -o cmTC_c0b48 
make[1]: Leaving directory '/home/nvidia/Desktop/Barrier/barrier/build/CMakeFiles/CMakeTmp'


Determining if files sys/select.h exist passed with the following output:
Change Dir: /home/nvidia/Desktop/Barrier/barrier/build/CMakeFiles/CMakeTmp

Run Build Command:"/usr/bin/make" "cmTC_c6f6f/fast"
/usr/bin/make -f CMakeFiles/cmTC_c6f6f.dir/build.make CMakeFiles/cmTC_c6f6f.dir/build
make[1]: Entering directory '/home/nvidia/Desktop/Barrier/barrier/build/CMakeFiles/CMakeTmp'
Building C object CMakeFiles/cmTC_c6f6f.dir/CheckIncludeFiles.c.o
/usr/bin/cc   -fPIE   -o CMakeFiles/cmTC_c6f6f.dir/CheckIncludeFiles.c.o   -c /home/nvidia/Desktop/Barrier/barrier/build/CMakeFiles/CMakeTmp/CheckIncludeFiles.c
Linking C executable cmTC_c6f6f
/usr/bin/cmake -E cmake_link_script CMakeFiles/cmTC_c6f6f.dir/link.txt --verbose=1
/usr/bin/cc      CMakeFiles/cmTC_c6f6f.dir/CheckIncludeFiles.c.o  -o cmTC_c6f6f 
make[1]: Leaving directory '/home/nvidia/Desktop/Barrier/barrier/build/CMakeFiles/CMakeTmp'


Determining if files sys/socket.h exist passed with the following output:
Change Dir: /home/nvidia/Desktop/Barrier/barrier/build/CMakeFiles/CMakeTmp

Run Build Command:"/usr/bin/make" "cmTC_3a0f4/fast"
/usr/bin/make -f CMakeFiles/cmTC_3a0f4.dir/build.make CMakeFiles/cmTC_3a0f4.dir/build
make[1]: Entering directory '/home/nvidia/Desktop/Barrier/barrier/build/CMakeFiles/CMakeTmp'
Building C object CMakeFiles/cmTC_3a0f4.dir/CheckIncludeFiles.c.o
/usr/bin/cc   -fPIE   -o CMakeFiles/cmTC_3a0f4.dir/CheckIncludeFiles.c.o   -c /home/nvidia/Desktop/Barrier/barrier/build/CMakeFiles/CMakeTmp/CheckIncludeFiles.c
Linking C executable cmTC_3a0f4
/usr/bin/cmake -E cmake_link_script CMakeFiles/cmTC_3a0f4.dir/link.txt --verbose=1
/usr/bin/cc      CMakeFiles/cmTC_3a0f4.dir/CheckIncludeFiles.c.o  -o cmTC_3a0f4 
make[1]: Leaving directory '/home/nvidia/Desktop/Barrier/barrier/build/CMakeFiles/CMakeTmp'


Determining if files sys/stat.h exist passed with the following output:
Change Dir: /home/nvidia/Desktop/Barrier/barrier/build/CMakeFiles/CMakeTmp

Run Build Command:"/usr/bin/make" "cmTC_3569a/fast"
/usr/bin/make -f CMakeFiles/cmTC_3569a.dir/build.make CMakeFiles/cmTC_3569a.dir/build
make[1]: Entering directory '/home/nvidia/Desktop/Barrier/barrier/build/CMakeFiles/CMakeTmp'
Building C object CMakeFiles/cmTC_3569a.dir/CheckIncludeFiles.c.o
/usr/bin/cc   -fPIE   -o CMakeFiles/cmTC_3569a.dir/CheckIncludeFiles.c.o   -c /home/nvidia/Desktop/Barrier/barrier/build/CMakeFiles/CMakeTmp/CheckIncludeFiles.c
Linking C executable cmTC_3569a
/usr/bin/cmake -E cmake_link_script CMakeFiles/cmTC_3569a.dir/link.txt --verbose=1
/usr/bin/cc      CMakeFiles/cmTC_3569a.dir/CheckIncludeFiles.c.o  -o cmTC_3569a 
make[1]: Leaving directory '/home/nvidia/Desktop/Barrier/barrier/build/CMakeFiles/CMakeTmp'


Determining if files sys/time.h exist passed with the following output:
Change Dir: /home/nvidia/Desktop/Barrier/barrier/build/CMakeFiles/CMakeTmp

Run Build Command:"/usr/bin/make" "cmTC_e207a/fast"
/usr/bin/make -f CMakeFiles/cmTC_e207a.dir/build.make CMakeFiles/cmTC_e207a.dir/build
make[1]: Entering directory '/home/nvidia/Desktop/Barrier/barrier/build/CMakeFiles/CMakeTmp'
Building C object CMakeFiles/cmTC_e207a.dir/CheckIncludeFiles.c.o
/usr/bin/cc   -fPIE   -o CMakeFiles/cmTC_e207a.dir/CheckIncludeFiles.c.o   -c /home/nvidia/Desktop/Barrier/barrier/build/CMakeFiles/CMakeTmp/CheckIncludeFiles.c
Linking C executable cmTC_e207a
/usr/bin/cmake -E cmake_link_script CMakeFiles/cmTC_e207a.dir/link.txt --verbose=1
/usr/bin/cc      CMakeFiles/cmTC_e207a.dir/CheckIncludeFiles.c.o  -o cmTC_e207a 
make[1]: Leaving directory '/home/nvidia/Desktop/Barrier/barrier/build/CMakeFiles/CMakeTmp'


Determining if files sys/utsname.h exist passed with the following output:
Change Dir: /home/nvidia/Desktop/Barrier/barrier/build/CMakeFiles/CMakeTmp

Run Build Command:"/usr/bin/make" "cmTC_259d4/fast"
/usr/bin/make -f CMakeFiles/cmTC_259d4.dir/build.make CMakeFiles/cmTC_259d4.dir/build
make[1]: Entering directory '/home/nvidia/Desktop/Barrier/barrier/build/CMakeFiles/CMakeTmp'
Building C object CMakeFiles/cmTC_259d4.dir/CheckIncludeFiles.c.o
/usr/bin/cc   -fPIE   -o CMakeFiles/cmTC_259d4.dir/CheckIncludeFiles.c.o   -c /home/nvidia/Desktop/Barrier/barrier/build/CMakeFiles/CMakeTmp/CheckIncludeFiles.c
Linking C executable cmTC_259d4
/usr/bin/cmake -E cmake_link_script CMakeFiles/cmTC_259d4.dir/link.txt --verbose=1
/usr/bin/cc      CMakeFiles/cmTC_259d4.dir/CheckIncludeFiles.c.o  -o cmTC_259d4 
make[1]: Leaving directory '/home/nvidia/Desktop/Barrier/barrier/build/CMakeFiles/CMakeTmp'


Determining if files unistd.h exist passed with the following output:
Change Dir: /home/nvidia/Desktop/Barrier/barrier/build/CMakeFiles/CMakeTmp

Run Build Command:"/usr/bin/make" "cmTC_e42ca/fast"
/usr/bin/make -f CMakeFiles/cmTC_e42ca.dir/build.make CMakeFiles/cmTC_e42ca.dir/build
make[1]: Entering directory '/home/nvidia/Desktop/Barrier/barrier/build/CMakeFiles/CMakeTmp'
Building C object CMakeFiles/cmTC_e42ca.dir/CheckIncludeFiles.c.o
/usr/bin/cc   -fPIE   -o CMakeFiles/cmTC_e42ca.dir/CheckIncludeFiles.c.o   -c /home/nvidia/Desktop/Barrier/barrier/build/CMakeFiles/CMakeTmp/CheckIncludeFiles.c
Linking C executable cmTC_e42ca
/usr/bin/cmake -E cmake_link_script CMakeFiles/cmTC_e42ca.dir/link.txt --verbose=1
/usr/bin/cc      CMakeFiles/cmTC_e42ca.dir/CheckIncludeFiles.c.o  -o cmTC_e42ca 
make[1]: Leaving directory '/home/nvidia/Desktop/Barrier/barrier/build/CMakeFiles/CMakeTmp'


Determining if files wchar.h exist passed with the following output:
Change Dir: /home/nvidia/Desktop/Barrier/barrier/build/CMakeFiles/CMakeTmp

Run Build Command:"/usr/bin/make" "cmTC_8021f/fast"
/usr/bin/make -f CMakeFiles/cmTC_8021f.dir/build.make CMakeFiles/cmTC_8021f.dir/build
make[1]: Entering directory '/home/nvidia/Desktop/Barrier/barrier/build/CMakeFiles/CMakeTmp'
Building C object CMakeFiles/cmTC_8021f.dir/CheckIncludeFiles.c.o
/usr/bin/cc   -fPIE   -o CMakeFiles/cmTC_8021f.dir/CheckIncludeFiles.c.o   -c /home/nvidia/Desktop/Barrier/barrier/build/CMakeFiles/CMakeTmp/CheckIncludeFiles.c
Linking C executable cmTC_8021f
/usr/bin/cmake -E cmake_link_script CMakeFiles/cmTC_8021f.dir/link.txt --verbose=1
/usr/bin/cc      CMakeFiles/cmTC_8021f.dir/CheckIncludeFiles.c.o  -o cmTC_8021f 
make[1]: Leaving directory '/home/nvidia/Desktop/Barrier/barrier/build/CMakeFiles/CMakeTmp'


Determining if the function getpwuid_r exists passed with the following output:
Change Dir: /home/nvidia/Desktop/Barrier/barrier/build/CMakeFiles/CMakeTmp

Run Build Command:"/usr/bin/make" "cmTC_30186/fast"
/usr/bin/make -f CMakeFiles/cmTC_30186.dir/build.make CMakeFiles/cmTC_30186.dir/build
make[1]: Entering directory '/home/nvidia/Desktop/Barrier/barrier/build/CMakeFiles/CMakeTmp'
Building C object CMakeFiles/cmTC_30186.dir/CheckFunctionExists.c.o
/usr/bin/cc   -DCHECK_FUNCTION_EXISTS=getpwuid_r -fPIE   -o CMakeFiles/cmTC_30186.dir/CheckFunctionExists.c.o   -c /usr/share/cmake-3.10/Modules/CheckFunctionExists.c
Linking C executable cmTC_30186
/usr/bin/cmake -E cmake_link_script CMakeFiles/cmTC_30186.dir/link.txt --verbose=1
/usr/bin/cc  -DCHECK_FUNCTION_EXISTS=getpwuid_r    CMakeFiles/cmTC_30186.dir/CheckFunctionExists.c.o  -o cmTC_30186 
make[1]: Leaving directory '/home/nvidia/Desktop/Barrier/barrier/build/CMakeFiles/CMakeTmp'


Determining if the function gmtime_r exists passed with the following output:
Change Dir: /home/nvidia/Desktop/Barrier/barrier/build/CMakeFiles/CMakeTmp

Run Build Command:"/usr/bin/make" "cmTC_29337/fast"
/usr/bin/make -f CMakeFiles/cmTC_29337.dir/build.make CMakeFiles/cmTC_29337.dir/build
make[1]: Entering directory '/home/nvidia/Desktop/Barrier/barrier/build/CMakeFiles/CMakeTmp'
Building C object CMakeFiles/cmTC_29337.dir/CheckFunctionExists.c.o
/usr/bin/cc   -DCHECK_FUNCTION_EXISTS=gmtime_r -fPIE   -o CMakeFiles/cmTC_29337.dir/CheckFunctionExists.c.o   -c /usr/share/cmake-3.10/Modules/CheckFunctionExists.c
Linking C executable cmTC_29337
/usr/bin/cmake -E cmake_link_script CMakeFiles/cmTC_29337.dir/link.txt --verbose=1
/usr/bin/cc  -DCHECK_FUNCTION_EXISTS=gmtime_r    CMakeFiles/cmTC_29337.dir/CheckFunctionExists.c.o  -o cmTC_29337 
make[1]: Leaving directory '/home/nvidia/Desktop/Barrier/barrier/build/CMakeFiles/CMakeTmp'


Determining if the function nanosleep exists passed with the following output:
Change Dir: /home/nvidia/Desktop/Barrier/barrier/build/CMakeFiles/CMakeTmp

Run Build Command:"/usr/bin/make" "cmTC_f1174/fast"
/usr/bin/make -f CMakeFiles/cmTC_f1174.dir/build.make CMakeFiles/cmTC_f1174.dir/build
make[1]: Entering directory '/home/nvidia/Desktop/Barrier/barrier/build/CMakeFiles/CMakeTmp'
Building C object CMakeFiles/cmTC_f1174.dir/CheckFunctionExists.c.o
/usr/bin/cc   -DCHECK_FUNCTION_EXISTS=nanosleep -fPIE   -o CMakeFiles/cmTC_f1174.dir/CheckFunctionExists.c.o   -c /usr/share/cmake-3.10/Modules/CheckFunctionExists.c
Linking C executable cmTC_f1174
/usr/bin/cmake -E cmake_link_script CMakeFiles/cmTC_f1174.dir/link.txt --verbose=1
/usr/bin/cc  -DCHECK_FUNCTION_EXISTS=nanosleep    CMakeFiles/cmTC_f1174.dir/CheckFunctionExists.c.o  -o cmTC_f1174 
make[1]: Leaving directory '/home/nvidia/Desktop/Barrier/barrier/build/CMakeFiles/CMakeTmp'


Determining if the function poll exists passed with the following output:
Change Dir: /home/nvidia/Desktop/Barrier/barrier/build/CMakeFiles/CMakeTmp

Run Build Command:"/usr/bin/make" "cmTC_e52c0/fast"
/usr/bin/make -f CMakeFiles/cmTC_e52c0.dir/build.make CMakeFiles/cmTC_e52c0.dir/build
make[1]: Entering directory '/home/nvidia/Desktop/Barrier/barrier/build/CMakeFiles/CMakeTmp'
Building C object CMakeFiles/cmTC_e52c0.dir/CheckFunctionExists.c.o
/usr/bin/cc   -DCHECK_FUNCTION_EXISTS=poll -fPIE   -o CMakeFiles/cmTC_e52c0.dir/CheckFunctionExists.c.o   -c /usr/share/cmake-3.10/Modules/CheckFunctionExists.c
Linking C executable cmTC_e52c0
/usr/bin/cmake -E cmake_link_script CMakeFiles/cmTC_e52c0.dir/link.txt --verbose=1
/usr/bin/cc  -DCHECK_FUNCTION_EXISTS=poll    CMakeFiles/cmTC_e52c0.dir/CheckFunctionExists.c.o  -o cmTC_e52c0 
make[1]: Leaving directory '/home/nvidia/Desktop/Barrier/barrier/build/CMakeFiles/CMakeTmp'


Determining if the function sigwait exists passed with the following output:
Change Dir: /home/nvidia/Desktop/Barrier/barrier/build/CMakeFiles/CMakeTmp

Run Build Command:"/usr/bin/make" "cmTC_d1f5c/fast"
/usr/bin/make -f CMakeFiles/cmTC_d1f5c.dir/build.make CMakeFiles/cmTC_d1f5c.dir/build
make[1]: Entering directory '/home/nvidia/Desktop/Barrier/barrier/build/CMakeFiles/CMakeTmp'
Building C object CMakeFiles/cmTC_d1f5c.dir/CheckFunctionExists.c.o
/usr/bin/cc   -DCHECK_FUNCTION_EXISTS=sigwait -fPIE   -o CMakeFiles/cmTC_d1f5c.dir/CheckFunctionExists.c.o   -c /usr/share/cmake-3.10/Modules/CheckFunctionExists.c
Linking C executable cmTC_d1f5c
/usr/bin/cmake -E cmake_link_script CMakeFiles/cmTC_d1f5c.dir/link.txt --verbose=1
/usr/bin/cc  -DCHECK_FUNCTION_EXISTS=sigwait    CMakeFiles/cmTC_d1f5c.dir/CheckFunctionExists.c.o  -o cmTC_d1f5c 
make[1]: Leaving directory '/home/nvidia/Desktop/Barrier/barrier/build/CMakeFiles/CMakeTmp'


Determining if the function strftime exists passed with the following output:
Change Dir: /home/nvidia/Desktop/Barrier/barrier/build/CMakeFiles/CMakeTmp

Run Build Command:"/usr/bin/make" "cmTC_6cd04/fast"
/usr/bin/make -f CMakeFiles/cmTC_6cd04.dir/build.make CMakeFiles/cmTC_6cd04.dir/build
make[1]: Entering directory '/home/nvidia/Desktop/Barrier/barrier/build/CMakeFiles/CMakeTmp'
Building C object CMakeFiles/cmTC_6cd04.dir/CheckFunctionExists.c.o
/usr/bin/cc   -DCHECK_FUNCTION_EXISTS=strftime -fPIE   -o CMakeFiles/cmTC_6cd04.dir/CheckFunctionExists.c.o   -c /usr/share/cmake-3.10/Modules/CheckFunctionExists.c
<command-line>:0:23: warning: conflicting types for built-in function strftime [-Wbuiltin-declaration-mismatch]
/usr/share/cmake-3.10/Modules/CheckFunctionExists.c:7:3: note: in expansion of macro CHECK_FUNCTION_EXISTS
   CHECK_FUNCTION_EXISTS(void);
   ^~~~~~~~~~~~~~~~~~~~~
Linking C executable cmTC_6cd04
/usr/bin/cmake -E cmake_link_script CMakeFiles/cmTC_6cd04.dir/link.txt --verbose=1
/usr/bin/cc  -DCHECK_FUNCTION_EXISTS=strftime    CMakeFiles/cmTC_6cd04.dir/CheckFunctionExists.c.o  -o cmTC_6cd04 
make[1]: Leaving directory '/home/nvidia/Desktop/Barrier/barrier/build/CMakeFiles/CMakeTmp'


Determining if the function inet_aton exists passed with the following output:
Change Dir: /home/nvidia/Desktop/Barrier/barrier/build/CMakeFiles/CMakeTmp

Run Build Command:"/usr/bin/make" "cmTC_c4ca3/fast"
/usr/bin/make -f CMakeFiles/cmTC_c4ca3.dir/build.make CMakeFiles/cmTC_c4ca3.dir/build
make[1]: Entering directory '/home/nvidia/Desktop/Barrier/barrier/build/CMakeFiles/CMakeTmp'
Building C object CMakeFiles/cmTC_c4ca3.dir/CheckFunctionExists.c.o
/usr/bin/cc   -DCHECK_FUNCTION_EXISTS=inet_aton -fPIE   -o CMakeFiles/cmTC_c4ca3.dir/CheckFunctionExists.c.o   -c /usr/share/cmake-3.10/Modules/CheckFunctionExists.c
Linking C executable cmTC_c4ca3
/usr/bin/cmake -E cmake_link_script CMakeFiles/cmTC_c4ca3.dir/link.txt --verbose=1
/usr/bin/cc  -DCHECK_FUNCTION_EXISTS=inet_aton    CMakeFiles/cmTC_c4ca3.dir/CheckFunctionExists.c.o  -o cmTC_c4ca3 
make[1]: Leaving directory '/home/nvidia/Desktop/Barrier/barrier/build/CMakeFiles/CMakeTmp'


Determining if the include file sys/types.h exists passed with the following output:
Change Dir: /home/nvidia/Desktop/Barrier/barrier/build/CMakeFiles/CMakeTmp

Run Build Command:"/usr/bin/make" "cmTC_fb6c3/fast"
/usr/bin/make -f CMakeFiles/cmTC_fb6c3.dir/build.make CMakeFiles/cmTC_fb6c3.dir/build
make[1]: Entering directory '/home/nvidia/Desktop/Barrier/barrier/build/CMakeFiles/CMakeTmp'
Building C object CMakeFiles/cmTC_fb6c3.dir/CheckIncludeFile.c.o
/usr/bin/cc   -fPIE   -o CMakeFiles/cmTC_fb6c3.dir/CheckIncludeFile.c.o   -c /home/nvidia/Desktop/Barrier/barrier/build/CMakeFiles/CMakeTmp/CheckIncludeFile.c
Linking C executable cmTC_fb6c3
/usr/bin/cmake -E cmake_link_script CMakeFiles/cmTC_fb6c3.dir/link.txt --verbose=1
/usr/bin/cc      CMakeFiles/cmTC_fb6c3.dir/CheckIncludeFile.c.o  -o cmTC_fb6c3 
make[1]: Leaving directory '/home/nvidia/Desktop/Barrier/barrier/build/CMakeFiles/CMakeTmp'


Determining if the include file stdint.h exists passed with the following output:
Change Dir: /home/nvidia/Desktop/Barrier/barrier/build/CMakeFiles/CMakeTmp

Run Build Command:"/usr/bin/make" "cmTC_36803/fast"
/usr/bin/make -f CMakeFiles/cmTC_36803.dir/build.make CMakeFiles/cmTC_36803.dir/build
make[1]: Entering directory '/home/nvidia/Desktop/Barrier/barrier/build/CMakeFiles/CMakeTmp'
Building C object CMakeFiles/cmTC_36803.dir/CheckIncludeFile.c.o
/usr/bin/cc   -fPIE   -o CMakeFiles/cmTC_36803.dir/CheckIncludeFile.c.o   -c /home/nvidia/Desktop/Barrier/barrier/build/CMakeFiles/CMakeTmp/CheckIncludeFile.c
Linking C executable cmTC_36803
/usr/bin/cmake -E cmake_link_script CMakeFiles/cmTC_36803.dir/link.txt --verbose=1
/usr/bin/cc      CMakeFiles/cmTC_36803.dir/CheckIncludeFile.c.o  -o cmTC_36803 
make[1]: Leaving directory '/home/nvidia/Desktop/Barrier/barrier/build/CMakeFiles/CMakeTmp'


Determining if the include file stddef.h exists passed with the following output:
Change Dir: /home/nvidia/Desktop/Barrier/barrier/build/CMakeFiles/CMakeTmp

Run Build Command:"/usr/bin/make" "cmTC_28292/fast"
/usr/bin/make -f CMakeFiles/cmTC_28292.dir/build.make CMakeFiles/cmTC_28292.dir/build
make[1]: Entering directory '/home/nvidia/Desktop/Barrier/barrier/build/CMakeFiles/CMakeTmp'
Building C object CMakeFiles/cmTC_28292.dir/CheckIncludeFile.c.o
/usr/bin/cc   -fPIE   -o CMakeFiles/cmTC_28292.dir/CheckIncludeFile.c.o   -c /home/nvidia/Desktop/Barrier/barrier/build/CMakeFiles/CMakeTmp/CheckIncludeFile.c
Linking C executable cmTC_28292
/usr/bin/cmake -E cmake_link_script CMakeFiles/cmTC_28292.dir/link.txt --verbose=1
/usr/bin/cc      CMakeFiles/cmTC_28292.dir/CheckIncludeFile.c.o  -o cmTC_28292 
make[1]: Leaving directory '/home/nvidia/Desktop/Barrier/barrier/build/CMakeFiles/CMakeTmp'


Determining size of char passed with the following output:
Change Dir: /home/nvidia/Desktop/Barrier/barrier/build/CMakeFiles/CMakeTmp

Run Build Command:"/usr/bin/make" "cmTC_369c5/fast"
/usr/bin/make -f CMakeFiles/cmTC_369c5.dir/build.make CMakeFiles/cmTC_369c5.dir/build
make[1]: Entering directory '/home/nvidia/Desktop/Barrier/barrier/build/CMakeFiles/CMakeTmp'
Building C object CMakeFiles/cmTC_369c5.dir/SIZEOF_CHAR.c.o
/usr/bin/cc   -fPIE   -o CMakeFiles/cmTC_369c5.dir/SIZEOF_CHAR.c.o   -c /home/nvidia/Desktop/Barrier/barrier/build/CMakeFiles/CheckTypeSize/SIZEOF_CHAR.c
Linking C executable cmTC_369c5
/usr/bin/cmake -E cmake_link_script CMakeFiles/cmTC_369c5.dir/link.txt --verbose=1
/usr/bin/cc      CMakeFiles/cmTC_369c5.dir/SIZEOF_CHAR.c.o  -o cmTC_369c5 
make[1]: Leaving directory '/home/nvidia/Desktop/Barrier/barrier/build/CMakeFiles/CMakeTmp'


Determining size of int passed with the following output:
Change Dir: /home/nvidia/Desktop/Barrier/barrier/build/CMakeFiles/CMakeTmp

Run Build Command:"/usr/bin/make" "cmTC_83e86/fast"
/usr/bin/make -f CMakeFiles/cmTC_83e86.dir/build.make CMakeFiles/cmTC_83e86.dir/build
make[1]: Entering directory '/home/nvidia/Desktop/Barrier/barrier/build/CMakeFiles/CMakeTmp'
Building C object CMakeFiles/cmTC_83e86.dir/SIZEOF_INT.c.o
/usr/bin/cc   -fPIE   -o CMakeFiles/cmTC_83e86.dir/SIZEOF_INT.c.o   -c /home/nvidia/Desktop/Barrier/barrier/build/CMakeFiles/CheckTypeSize/SIZEOF_INT.c
Linking C executable cmTC_83e86
/usr/bin/cmake -E cmake_link_script CMakeFiles/cmTC_83e86.dir/link.txt --verbose=1
/usr/bin/cc      CMakeFiles/cmTC_83e86.dir/SIZEOF_INT.c.o  -o cmTC_83e86 
make[1]: Leaving directory '/home/nvidia/Desktop/Barrier/barrier/build/CMakeFiles/CMakeTmp'


Determining size of long passed with the following output:
Change Dir: /home/nvidia/Desktop/Barrier/barrier/build/CMakeFiles/CMakeTmp

Run Build Command:"/usr/bin/make" "cmTC_73152/fast"
/usr/bin/make -f CMakeFiles/cmTC_73152.dir/build.make CMakeFiles/cmTC_73152.dir/build
make[1]: Entering directory '/home/nvidia/Desktop/Barrier/barrier/build/CMakeFiles/CMakeTmp'
Building C object CMakeFiles/cmTC_73152.dir/SIZEOF_LONG.c.o
/usr/bin/cc   -fPIE   -o CMakeFiles/cmTC_73152.dir/SIZEOF_LONG.c.o   -c /home/nvidia/Desktop/Barrier/barrier/build/CMakeFiles/CheckTypeSize/SIZEOF_LONG.c
Linking C executable cmTC_73152
/usr/bin/cmake -E cmake_link_script CMakeFiles/cmTC_73152.dir/link.txt --verbose=1
/usr/bin/cc      CMakeFiles/cmTC_73152.dir/SIZEOF_LONG.c.o  -o cmTC_73152 
make[1]: Leaving directory '/home/nvidia/Desktop/Barrier/barrier/build/CMakeFiles/CMakeTmp'


Determining size of short passed with the following output:
Change Dir: /home/nvidia/Desktop/Barrier/barrier/build/CMakeFiles/CMakeTmp

Run Build Command:"/usr/bin/make" "cmTC_7afc6/fast"
/usr/bin/make -f CMakeFiles/cmTC_7afc6.dir/build.make CMakeFiles/cmTC_7afc6.dir/build
make[1]: Entering directory '/home/nvidia/Desktop/Barrier/barrier/build/CMakeFiles/CMakeTmp'
Building C object CMakeFiles/cmTC_7afc6.dir/SIZEOF_SHORT.c.o
/usr/bin/cc   -fPIE   -o CMakeFiles/cmTC_7afc6.dir/SIZEOF_SHORT.c.o   -c /home/nvidia/Desktop/Barrier/barrier/build/CMakeFiles/CheckTypeSize/SIZEOF_SHORT.c
Linking C executable cmTC_7afc6
/usr/bin/cmake -E cmake_link_script CMakeFiles/cmTC_7afc6.dir/link.txt --verbose=1
/usr/bin/cc      CMakeFiles/cmTC_7afc6.dir/SIZEOF_SHORT.c.o  -o cmTC_7afc6 
make[1]: Leaving directory '/home/nvidia/Desktop/Barrier/barrier/build/CMakeFiles/CMakeTmp'


Determining if the include file pthread.h exists passed with the following output:
Change Dir: /home/nvidia/Desktop/Barrier/barrier/build/CMakeFiles/CMakeTmp

Run Build Command:"/usr/bin/make" "cmTC_4adc1/fast"
/usr/bin/make -f CMakeFiles/cmTC_4adc1.dir/build.make CMakeFiles/cmTC_4adc1.dir/build
make[1]: Entering directory '/home/nvidia/Desktop/Barrier/barrier/build/CMakeFiles/CMakeTmp'
Building C object CMakeFiles/cmTC_4adc1.dir/CheckIncludeFile.c.o
/usr/bin/cc   -fPIE   -o CMakeFiles/cmTC_4adc1.dir/CheckIncludeFile.c.o   -c /home/nvidia/Desktop/Barrier/barrier/build/CMakeFiles/CMakeTmp/CheckIncludeFile.c
Linking C executable cmTC_4adc1
/usr/bin/cmake -E cmake_link_script CMakeFiles/cmTC_4adc1.dir/link.txt --verbose=1
/usr/bin/cc      CMakeFiles/cmTC_4adc1.dir/CheckIncludeFile.c.o  -o cmTC_4adc1 
make[1]: Leaving directory '/home/nvidia/Desktop/Barrier/barrier/build/CMakeFiles/CMakeTmp'


Determining size of XRRNotifyEvent passed with the following output:
Change Dir: /home/nvidia/Desktop/Barrier/barrier/build/CMakeFiles/CMakeTmp

Run Build Command:"/usr/bin/make" "cmTC_7a5aa/fast"
/usr/bin/make -f CMakeFiles/cmTC_7a5aa.dir/build.make CMakeFiles/cmTC_7a5aa.dir/build
make[1]: Entering directory '/home/nvidia/Desktop/Barrier/barrier/build/CMakeFiles/CMakeTmp'
Building C object CMakeFiles/cmTC_7a5aa.dir/X11_EXTENSIONS_XRANDR_H.c.o
/usr/bin/cc  -I/usr/include/avahi-compat-libdns_sd  -fPIE   -o CMakeFiles/cmTC_7a5aa.dir/X11_EXTENSIONS_XRANDR_H.c.o   -c /home/nvidia/Desktop/Barrier/barrier/build/CMakeFiles/CheckTypeSize/X11_EXTENSIONS_XRANDR_H.c
Linking C executable cmTC_7a5aa
/usr/bin/cmake -E cmake_link_script CMakeFiles/cmTC_7a5aa.dir/link.txt --verbose=1
/usr/bin/cc      CMakeFiles/cmTC_7a5aa.dir/X11_EXTENSIONS_XRANDR_H.c.o  -o cmTC_7a5aa 
make[1]: Leaving directory '/home/nvidia/Desktop/Barrier/barrier/build/CMakeFiles/CMakeTmp'


Determining if files X11/Xlib.h;X11/XKBlib.h;X11/extensions/dpms.h exist passed with the following output:
Change Dir: /home/nvidia/Desktop/Barrier/barrier/build/CMakeFiles/CMakeTmp

Run Build Command:"/usr/bin/make" "cmTC_3d89d/fast"
/usr/bin/make -f CMakeFiles/cmTC_3d89d.dir/build.make CMakeFiles/cmTC_3d89d.dir/build
make[1]: Entering directory '/home/nvidia/Desktop/Barrier/barrier/build/CMakeFiles/CMakeTmp'
Building C object CMakeFiles/cmTC_3d89d.dir/CheckIncludeFiles.c.o
/usr/bin/cc  -I/usr/include/avahi-compat-libdns_sd  -fPIE   -o CMakeFiles/cmTC_3d89d.dir/CheckIncludeFiles.c.o   -c /home/nvidia/Desktop/Barrier/barrier/build/CMakeFiles/CMakeTmp/CheckIncludeFiles.c
Linking C executable cmTC_3d89d
/usr/bin/cmake -E cmake_link_script CMakeFiles/cmTC_3d89d.dir/link.txt --verbose=1
/usr/bin/cc      CMakeFiles/cmTC_3d89d.dir/CheckIncludeFiles.c.o  -o cmTC_3d89d 
make[1]: Leaving directory '/home/nvidia/Desktop/Barrier/barrier/build/CMakeFiles/CMakeTmp'


Determining if files X11/extensions/Xinerama.h exist passed with the following output:
Change Dir: /home/nvidia/Desktop/Barrier/barrier/build/CMakeFiles/CMakeTmp

Run Build Command:"/usr/bin/make" "cmTC_bd204/fast"
/usr/bin/make -f CMakeFiles/cmTC_bd204.dir/build.make CMakeFiles/cmTC_bd204.dir/build
make[1]: Entering directory '/home/nvidia/Desktop/Barrier/barrier/build/CMakeFiles/CMakeTmp'
Building C object CMakeFiles/cmTC_bd204.dir/CheckIncludeFiles.c.o
/usr/bin/cc  -I/usr/include/avahi-compat-libdns_sd  -fPIE   -o CMakeFiles/cmTC_bd204.dir/CheckIncludeFiles.c.o   -c /home/nvidia/Desktop/Barrier/barrier/build/CMakeFiles/CMakeTmp/CheckIncludeFiles.c
Linking C executable cmTC_bd204
/usr/bin/cmake -E cmake_link_script CMakeFiles/cmTC_bd204.dir/link.txt --verbose=1
/usr/bin/cc      CMakeFiles/cmTC_bd204.dir/CheckIncludeFiles.c.o  -o cmTC_bd204 
make[1]: Leaving directory '/home/nvidia/Desktop/Barrier/barrier/build/CMakeFiles/CMakeTmp'


Determining if files X11/Xlib.h;X11/XKBlib.h;X11/extensions/XKBstr.h exist passed with the following output:
Change Dir: /home/nvidia/Desktop/Barrier/barrier/build/CMakeFiles/CMakeTmp

Run Build Command:"/usr/bin/make" "cmTC_7c576/fast"
/usr/bin/make -f CMakeFiles/cmTC_7c576.dir/build.make CMakeFiles/cmTC_7c576.dir/build
make[1]: Entering directory '/home/nvidia/Desktop/Barrier/barrier/build/CMakeFiles/CMakeTmp'
Building C object CMakeFiles/cmTC_7c576.dir/CheckIncludeFiles.c.o
/usr/bin/cc  -I/usr/include/avahi-compat-libdns_sd  -fPIE   -o CMakeFiles/cmTC_7c576.dir/CheckIncludeFiles.c.o   -c /home/nvidia/Desktop/Barrier/barrier/build/CMakeFiles/CMakeTmp/CheckIncludeFiles.c
Linking C executable cmTC_7c576
/usr/bin/cmake -E cmake_link_script CMakeFiles/cmTC_7c576.dir/link.txt --verbose=1
/usr/bin/cc      CMakeFiles/cmTC_7c576.dir/CheckIncludeFiles.c.o  -o cmTC_7c576 
make[1]: Leaving directory '/home/nvidia/Desktop/Barrier/barrier/build/CMakeFiles/CMakeTmp'


Determining if files X11/extensions/XKB.h exist passed with the following output:
Change Dir: /home/nvidia/Desktop/Barrier/barrier/build/CMakeFiles/CMakeTmp

Run Build Command:"/usr/bin/make" "cmTC_a770c/fast"
/usr/bin/make -f CMakeFiles/cmTC_a770c.dir/build.make CMakeFiles/cmTC_a770c.dir/build
make[1]: Entering directory '/home/nvidia/Desktop/Barrier/barrier/build/CMakeFiles/CMakeTmp'
Building C object CMakeFiles/cmTC_a770c.dir/CheckIncludeFiles.c.o
/usr/bin/cc  -I/usr/include/avahi-compat-libdns_sd  -fPIE   -o CMakeFiles/cmTC_a770c.dir/CheckIncludeFiles.c.o   -c /home/nvidia/Desktop/Barrier/barrier/build/CMakeFiles/CMakeTmp/CheckIncludeFiles.c
Linking C executable cmTC_a770c
/usr/bin/cmake -E cmake_link_script CMakeFiles/cmTC_a770c.dir/link.txt --verbose=1
/usr/bin/cc      CMakeFiles/cmTC_a770c.dir/CheckIncludeFiles.c.o  -o cmTC_a770c 
make[1]: Leaving directory '/home/nvidia/Desktop/Barrier/barrier/build/CMakeFiles/CMakeTmp'


Determining if files X11/extensions/XTest.h exist passed with the following output:
Change Dir: /home/nvidia/Desktop/Barrier/barrier/build/CMakeFiles/CMakeTmp

Run Build Command:"/usr/bin/make" "cmTC_5c173/fast"
/usr/bin/make -f CMakeFiles/cmTC_5c173.dir/build.make CMakeFiles/cmTC_5c173.dir/build
make[1]: Entering directory '/home/nvidia/Desktop/Barrier/barrier/build/CMakeFiles/CMakeTmp'
Building C object CMakeFiles/cmTC_5c173.dir/CheckIncludeFiles.c.o
/usr/bin/cc  -I/usr/include/avahi-compat-libdns_sd  -fPIE   -o CMakeFiles/cmTC_5c173.dir/CheckIncludeFiles.c.o   -c /home/nvidia/Desktop/Barrier/barrier/build/CMakeFiles/CMakeTmp/CheckIncludeFiles.c
Linking C executable cmTC_5c173
/usr/bin/cmake -E cmake_link_script CMakeFiles/cmTC_5c173.dir/link.txt --verbose=1
/usr/bin/cc      CMakeFiles/cmTC_5c173.dir/CheckIncludeFiles.c.o  -o cmTC_5c173 
make[1]: Leaving directory '/home/nvidia/Desktop/Barrier/barrier/build/CMakeFiles/CMakeTmp'


Determining if files X11/Xlib.h;X11/XKBlib.h exist passed with the following output:
Change Dir: /home/nvidia/Desktop/Barrier/barrier/build/CMakeFiles/CMakeTmp

Run Build Command:"/usr/bin/make" "cmTC_ff08d/fast"
/usr/bin/make -f CMakeFiles/cmTC_ff08d.dir/build.make CMakeFiles/cmTC_ff08d.dir/build
make[1]: Entering directory '/home/nvidia/Desktop/Barrier/barrier/build/CMakeFiles/CMakeTmp'
Building C object CMakeFiles/cmTC_ff08d.dir/CheckIncludeFiles.c.o
/usr/bin/cc  -I/usr/include/avahi-compat-libdns_sd  -fPIE   -o CMakeFiles/cmTC_ff08d.dir/CheckIncludeFiles.c.o   -c /home/nvidia/Desktop/Barrier/barrier/build/CMakeFiles/CMakeTmp/CheckIncludeFiles.c
Linking C executable cmTC_ff08d
/usr/bin/cmake -E cmake_link_script CMakeFiles/cmTC_ff08d.dir/link.txt --verbose=1
/usr/bin/cc      CMakeFiles/cmTC_ff08d.dir/CheckIncludeFiles.c.o  -o cmTC_ff08d 
make[1]: Leaving directory '/home/nvidia/Desktop/Barrier/barrier/build/CMakeFiles/CMakeTmp'


Determining if files X11/extensions/XInput2.h exist passed with the following output:
Change Dir: /home/nvidia/Desktop/Barrier/barrier/build/CMakeFiles/CMakeTmp

Run Build Command:"/usr/bin/make" "cmTC_f7133/fast"
/usr/bin/make -f CMakeFiles/cmTC_f7133.dir/build.make CMakeFiles/cmTC_f7133.dir/build
make[1]: Entering directory '/home/nvidia/Desktop/Barrier/barrier/build/CMakeFiles/CMakeTmp'
Building C object CMakeFiles/cmTC_f7133.dir/CheckIncludeFiles.c.o
/usr/bin/cc  -I/usr/include/avahi-compat-libdns_sd  -fPIE   -o CMakeFiles/cmTC_f7133.dir/CheckIncludeFiles.c.o   -c /home/nvidia/Desktop/Barrier/barrier/build/CMakeFiles/CMakeTmp/CheckIncludeFiles.c
Linking C executable cmTC_f7133
/usr/bin/cmake -E cmake_link_script CMakeFiles/cmTC_f7133.dir/link.txt --verbose=1
/usr/bin/cc      CMakeFiles/cmTC_f7133.dir/CheckIncludeFiles.c.o  -o cmTC_f7133 
make[1]: Leaving directory '/home/nvidia/Desktop/Barrier/barrier/build/CMakeFiles/CMakeTmp'


Determining if files dns_sd.h exist passed with the following output:
Change Dir: /home/nvidia/Desktop/Barrier/barrier/build/CMakeFiles/CMakeTmp

Run Build Command:"/usr/bin/make" "cmTC_d0b1c/fast"
/usr/bin/make -f CMakeFiles/cmTC_d0b1c.dir/build.make CMakeFiles/cmTC_d0b1c.dir/build
make[1]: Entering directory '/home/nvidia/Desktop/Barrier/barrier/build/CMakeFiles/CMakeTmp'
Building C object CMakeFiles/cmTC_d0b1c.dir/CheckIncludeFiles.c.o
/usr/bin/cc  -I/usr/include/avahi-compat-libdns_sd  -fPIE   -o CMakeFiles/cmTC_d0b1c.dir/CheckIncludeFiles.c.o   -c /home/nvidia/Desktop/Barrier/barrier/build/CMakeFiles/CMakeTmp/CheckIncludeFiles.c
Linking C executable cmTC_d0b1c
/usr/bin/cmake -E cmake_link_script CMakeFiles/cmTC_d0b1c.dir/link.txt --verbose=1
/usr/bin/cc      CMakeFiles/cmTC_d0b1c.dir/CheckIncludeFiles.c.o  -o cmTC_d0b1c 
make[1]: Leaving directory '/home/nvidia/Desktop/Barrier/barrier/build/CMakeFiles/CMakeTmp'


Determining if the function IceConnectionNumber exists in the SM;ICE passed with the following output:
Change Dir: /home/nvidia/Desktop/Barrier/barrier/build/CMakeFiles/CMakeTmp

Run Build Command:"/usr/bin/make" "cmTC_19ca3/fast"
/usr/bin/make -f CMakeFiles/cmTC_19ca3.dir/build.make CMakeFiles/cmTC_19ca3.dir/build
make[1]: Entering directory '/home/nvidia/Desktop/Barrier/barrier/build/CMakeFiles/CMakeTmp'
Building C object CMakeFiles/cmTC_19ca3.dir/CheckFunctionExists.c.o
/usr/bin/cc   -DCHECK_FUNCTION_EXISTS=IceConnectionNumber -fPIE   -o CMakeFiles/cmTC_19ca3.dir/CheckFunctionExists.c.o   -c /usr/share/cmake-3.10/Modules/CheckFunctionExists.c
Linking C executable cmTC_19ca3
/usr/bin/cmake -E cmake_link_script CMakeFiles/cmTC_19ca3.dir/link.txt --verbose=1
/usr/bin/cc  -DCHECK_FUNCTION_EXISTS=IceConnectionNumber    CMakeFiles/cmTC_19ca3.dir/CheckFunctionExists.c.o  -o cmTC_19ca3 -lSM -lICE 
make[1]: Leaving directory '/home/nvidia/Desktop/Barrier/barrier/build/CMakeFiles/CMakeTmp'


Determining if the function DPMSQueryExtension exists in the Xext;X11 passed with the following output:
Change Dir: /home/nvidia/Desktop/Barrier/barrier/build/CMakeFiles/CMakeTmp

Run Build Command:"/usr/bin/make" "cmTC_66ebe/fast"
/usr/bin/make -f CMakeFiles/cmTC_66ebe.dir/build.make CMakeFiles/cmTC_66ebe.dir/build
make[1]: Entering directory '/home/nvidia/Desktop/Barrier/barrier/build/CMakeFiles/CMakeTmp'
Building C object CMakeFiles/cmTC_66ebe.dir/CheckFunctionExists.c.o
/usr/bin/cc   -DCHECK_FUNCTION_EXISTS=DPMSQueryExtension -fPIE   -o CMakeFiles/cmTC_66ebe.dir/CheckFunctionExists.c.o   -c /usr/share/cmake-3.10/Modules/CheckFunctionExists.c
Linking C executable cmTC_66ebe
/usr/bin/cmake -E cmake_link_script CMakeFiles/cmTC_66ebe.dir/link.txt --verbose=1
/usr/bin/cc  -DCHECK_FUNCTION_EXISTS=DPMSQueryExtension    CMakeFiles/cmTC_66ebe.dir/CheckFunctionExists.c.o  -o cmTC_66ebe -lXext -lX11 
make[1]: Leaving directory '/home/nvidia/Desktop/Barrier/barrier/build/CMakeFiles/CMakeTmp'


Determining if the function XTestQueryExtension exists in the Xtst;Xext;X11 passed with the following output:
Change Dir: /home/nvidia/Desktop/Barrier/barrier/build/CMakeFiles/CMakeTmp

Run Build Command:"/usr/bin/make" "cmTC_bca42/fast"
/usr/bin/make -f CMakeFiles/cmTC_bca42.dir/build.make CMakeFiles/cmTC_bca42.dir/build
make[1]: Entering directory '/home/nvidia/Desktop/Barrier/barrier/build/CMakeFiles/CMakeTmp'
Building C object CMakeFiles/cmTC_bca42.dir/CheckFunctionExists.c.o
/usr/bin/cc   -DCHECK_FUNCTION_EXISTS=XTestQueryExtension -fPIE   -o CMakeFiles/cmTC_bca42.dir/CheckFunctionExists.c.o   -c /usr/share/cmake-3.10/Modules/CheckFunctionExists.c
Linking C executable cmTC_bca42
/usr/bin/cmake -E cmake_link_script CMakeFiles/cmTC_bca42.dir/link.txt --verbose=1
/usr/bin/cc  -DCHECK_FUNCTION_EXISTS=XTestQueryExtension    CMakeFiles/cmTC_bca42.dir/CheckFunctionExists.c.o  -o cmTC_bca42 -lXtst -lXext -lX11 
make[1]: Leaving directory '/home/nvidia/Desktop/Barrier/barrier/build/CMakeFiles/CMakeTmp'


Determining if the function XineramaQueryExtension exists in the Xinerama passed with the following output:
Change Dir: /home/nvidia/Desktop/Barrier/barrier/build/CMakeFiles/CMakeTmp

Run Build Command:"/usr/bin/make" "cmTC_63513/fast"
/usr/bin/make -f CMakeFiles/cmTC_63513.dir/build.make CMakeFiles/cmTC_63513.dir/build
make[1]: Entering directory '/home/nvidia/Desktop/Barrier/barrier/build/CMakeFiles/CMakeTmp'
Building C object CMakeFiles/cmTC_63513.dir/CheckFunctionExists.c.o
/usr/bin/cc   -DCHECK_FUNCTION_EXISTS=XineramaQueryExtension -fPIE   -o CMakeFiles/cmTC_63513.dir/CheckFunctionExists.c.o   -c /usr/share/cmake-3.10/Modules/CheckFunctionExists.c
Linking C executable cmTC_63513
/usr/bin/cmake -E cmake_link_script CMakeFiles/cmTC_63513.dir/link.txt --verbose=1
/usr/bin/cc  -DCHECK_FUNCTION_EXISTS=XineramaQueryExtension    CMakeFiles/cmTC_63513.dir/CheckFunctionExists.c.o  -o cmTC_63513 -lXinerama 
make[1]: Leaving directory '/home/nvidia/Desktop/Barrier/barrier/build/CMakeFiles/CMakeTmp'


Determining if the function XISelectEvents exists in the Xi passed with the following output:
Change Dir: /home/nvidia/Desktop/Barrier/barrier/build/CMakeFiles/CMakeTmp

Run Build Command:"/usr/bin/make" "cmTC_d83d4/fast"
/usr/bin/make -f CMakeFiles/cmTC_d83d4.dir/build.make CMakeFiles/cmTC_d83d4.dir/build
make[1]: Entering directory '/home/nvidia/Desktop/Barrier/barrier/build/CMakeFiles/CMakeTmp'
Building C object CMakeFiles/cmTC_d83d4.dir/CheckFunctionExists.c.o
/usr/bin/cc   -DCHECK_FUNCTION_EXISTS=XISelectEvents -fPIE   -o CMakeFiles/cmTC_d83d4.dir/CheckFunctionExists.c.o   -c /usr/share/cmake-3.10/Modules/CheckFunctionExists.c
Linking C executable cmTC_d83d4
/usr/bin/cmake -E cmake_link_script CMakeFiles/cmTC_d83d4.dir/link.txt --verbose=1
/usr/bin/cc  -DCHECK_FUNCTION_EXISTS=XISelectEvents    CMakeFiles/cmTC_d83d4.dir/CheckFunctionExists.c.o  -o cmTC_d83d4 -lXi 
make[1]: Leaving directory '/home/nvidia/Desktop/Barrier/barrier/build/CMakeFiles/CMakeTmp'


Determining if the function XRRQueryExtension exists in the Xrandr passed with the following output:
Change Dir: /home/nvidia/Desktop/Barrier/barrier/build/CMakeFiles/CMakeTmp

Run Build Command:"/usr/bin/make" "cmTC_474f6/fast"
/usr/bin/make -f CMakeFiles/cmTC_474f6.dir/build.make CMakeFiles/cmTC_474f6.dir/build
make[1]: Entering directory '/home/nvidia/Desktop/Barrier/barrier/build/CMakeFiles/CMakeTmp'
Building C object CMakeFiles/cmTC_474f6.dir/CheckFunctionExists.c.o
/usr/bin/cc   -DCHECK_FUNCTION_EXISTS=XRRQueryExtension -fPIE   -o CMakeFiles/cmTC_474f6.dir/CheckFunctionExists.c.o   -c /usr/share/cmake-3.10/Modules/CheckFunctionExists.c
Linking C executable cmTC_474f6
/usr/bin/cmake -E cmake_link_script CMakeFiles/cmTC_474f6.dir/link.txt --verbose=1
/usr/bin/cc  -DCHECK_FUNCTION_EXISTS=XRRQueryExtension    CMakeFiles/cmTC_474f6.dir/CheckFunctionExists.c.o  -o cmTC_474f6 -lXrandr 
make[1]: Leaving directory '/home/nvidia/Desktop/Barrier/barrier/build/CMakeFiles/CMakeTmp'


