Determining if the pthread_create exist failed with the following output:
Change Dir: /home/nvidia/Desktop/Barrier/barrier/build/CMakeFiles/CMakeTmp

Run Build Command:"/usr/bin/make" "cmTC_8f1f4/fast"
/usr/bin/make -f CMakeFiles/cmTC_8f1f4.dir/build.make CMakeFiles/cmTC_8f1f4.dir/build
make[1]: Entering directory '/home/nvidia/Desktop/Barrier/barrier/build/CMakeFiles/CMakeTmp'
Building C object CMakeFiles/cmTC_8f1f4.dir/CheckSymbolExists.c.o
/usr/bin/cc   -fPIE   -o CMakeFiles/cmTC_8f1f4.dir/CheckSymbolExists.c.o   -c /home/nvidia/Desktop/Barrier/barrier/build/CMakeFiles/CMakeTmp/CheckSymbolExists.c
Linking C executable cmTC_8f1f4
/usr/bin/cmake -E cmake_link_script CMakeFiles/cmTC_8f1f4.dir/link.txt --verbose=1
/usr/bin/cc      CMakeFiles/cmTC_8f1f4.dir/CheckSymbolExists.c.o  -o cmTC_8f1f4 
CMakeFiles/cmTC_8f1f4.dir/CheckSymbolExists.c.o: In function `main':
CheckSymbolExists.c:(.text+0x14): undefined reference to `pthread_create'
CheckSymbolExists.c:(.text+0x18): undefined reference to `pthread_create'
collect2: error: ld returned 1 exit status
CMakeFiles/cmTC_8f1f4.dir/build.make:97: recipe for target 'cmTC_8f1f4' failed
make[1]: *** [cmTC_8f1f4] Error 1
make[1]: Leaving directory '/home/nvidia/Desktop/Barrier/barrier/build/CMakeFiles/CMakeTmp'
Makefile:126: recipe for target 'cmTC_8f1f4/fast' failed
make: *** [cmTC_8f1f4/fast] Error 2

File /home/nvidia/Desktop/Barrier/barrier/build/CMakeFiles/CMakeTmp/CheckSymbolExists.c:
/* */
#include <pthread.h>

int main(int argc, char** argv)
{
  (void)argv;
#ifndef pthread_create
  return ((int*)(&pthread_create))[argc];
#else
  (void)argc;
  return 0;
#endif
}

